Log file open, 05/26/22 21:33:20
LogWindows: Failed to load 'aqProf.dll' (GetLastError=126)
LogWindows: File 'aqProf.dll' does not exist
LogWindows: Failed to load 'VtuneApi.dll' (GetLastError=126)
LogWindows: File 'VtuneApi.dll' does not exist
LogWindows: Failed to load 'VtuneApi32e.dll' (GetLastError=126)
LogWindows: File 'VtuneApi32e.dll' does not exist
LogConsoleResponse: Display: Failed to find resolution value strings in scalability ini. Falling back to default.
LogConsoleResponse: Display: Failed to find resolution value strings in scalability ini. Falling back to default.
LogInit: Display: Running engine for game: MyProject5
LogPlatformFile: Not using cached read wrapper
LogTaskGraph: Started task graph with 5 named threads and 23 total threads with 3 sets of task threads.
LogStats: Stats thread started at 0.784410
LogICUInternationalization: ICU TimeZone Detection - Raw Offset: +3:00, Platform Override: ''
LogInit: Display: Loading text-based GConfig....
LogPluginManager: Mounting plugin MeshPainting
LogPluginManager: Mounting plugin XGEController
LogPluginManager: Mounting plugin Paper2D
LogPluginManager: Mounting plugin LightPropagationVolume
LogPluginManager: Mounting plugin CameraShakePreviewer
LogPluginManager: Mounting plugin LiveLink
LogPluginManager: Mounting plugin AISupport
LogPluginManager: Mounting plugin EnvironmentQueryEditor
LogPluginManager: Mounting plugin GameplayCameras
LogPluginManager: Mounting plugin OodleData
LogPluginManager: Mounting plugin OodleNetwork
LogPluginManager: Mounting plugin DatasmithContent
LogPluginManager: Mounting plugin VariantManagerContent
LogPluginManager: Mounting plugin Niagara
LogPluginManager: Mounting plugin AssetManagerEditor
LogPluginManager: Mounting plugin CryptoKeys
LogPluginManager: Mounting plugin DataValidation
LogPluginManager: Mounting plugin CurveEditorTools
LogPluginManager: Mounting plugin FacialAnimation
LogPluginManager: Mounting plugin MacGraphicsSwitching
LogPluginManager: Mounting plugin GameplayTagsEditor
LogPluginManager: Mounting plugin GeometryMode
LogPluginManager: Mounting plugin MaterialAnalyzer
LogPluginManager: Mounting plugin MobileLauncherProfileWizard
LogPluginManager: Mounting plugin AnimationSharing
LogPluginManager: Mounting plugin PluginBrowser
LogPluginManager: Mounting plugin SpeedTreeImporter
LogPluginManager: Mounting plugin CodeLiteSourceCodeAccess
LogPluginManager: Mounting plugin GitSourceControl
LogPluginManager: Mounting plugin CLionSourceCodeAccess
LogPluginManager: Mounting plugin NullSourceCodeAccess
LogPluginManager: Mounting plugin KDevelopSourceCodeAccess
LogPluginManager: Mounting plugin PixWinPlugin
LogPluginManager: Mounting plugin PluginUtils
LogPluginManager: Mounting plugin PerforceSourceControl
LogPluginManager: Mounting plugin PlasticSourceControl
LogPluginManager: Mounting plugin PropertyAccessNode
LogPluginManager: Mounting plugin RiderSourceCodeAccess
LogPluginManager: Mounting plugin SubversionSourceControl
LogPluginManager: Mounting plugin UObjectPlugin
LogPluginManager: Mounting plugin TextureFormatOodle
LogPluginManager: Mounting plugin VisualStudioSourceCodeAccess
LogPluginManager: Mounting plugin VisualStudioCodeSourceCodeAccess
LogPluginManager: Mounting plugin LuminPlatformFeatures
LogPluginManager: Mounting plugin XCodeSourceCodeAccess
LogPluginManager: Mounting plugin MagicLeap
LogPluginManager: Mounting plugin MagicLeapLightEstimation
LogPluginManager: Mounting plugin MagicLeapMedia
LogPluginManager: Mounting plugin MagicLeapPassableWorld
LogPluginManager: Mounting plugin MLSDK
LogPluginManager: Mounting plugin AndroidMedia
LogPluginManager: Mounting plugin AvfMedia
LogPluginManager: Mounting plugin ImgMedia
LogPluginManager: Mounting plugin MediaCompositing
LogPluginManager: Mounting plugin MediaPlayerEditor
LogPluginManager: Mounting plugin WebMMedia
LogPluginManager: Mounting plugin WmfMedia
LogPluginManager: Mounting plugin ActorSequence
LogPluginManager: Mounting plugin TcpMessaging
LogPluginManager: Mounting plugin UdpMessaging
LogPluginManager: Mounting plugin OnlineSubsystem
LogPluginManager: Mounting plugin LevelSequenceEditor
LogPluginManager: Mounting plugin MatineeToLevelSequence
LogPluginManager: Mounting plugin OnlineSubsystemNull
LogPluginManager: Mounting plugin OnlineSubsystemUtils
LogPluginManager: Mounting plugin TemplateSequence
LogPluginManager: Mounting plugin AlembicImporter
LogPluginManager: Mounting plugin AutomationUtils
LogPluginManager: Mounting plugin BackChannel
LogPluginManager: Mounting plugin ChaosCloth
LogPluginManager: Mounting plugin ChaosClothEditor
LogPluginManager: Mounting plugin ChaosEditor
LogPluginManager: Mounting plugin ChaosSolverPlugin
LogPluginManager: Mounting plugin ChaosNiagara
LogPluginManager: Mounting plugin CharacterAI
LogPluginManager: Mounting plugin GeometryCache
LogPluginManager: Mounting plugin LauncherChunkInstaller
LogPluginManager: Mounting plugin GeometryCollectionPlugin
LogPluginManager: Mounting plugin GeometryProcessing
LogPluginManager: Mounting plugin MotoSynth
LogPluginManager: Mounting plugin OpenImageDenoise
LogPluginManager: Mounting plugin ProxyLODPlugin
LogPluginManager: Mounting plugin PlanarCut
LogPluginManager: Mounting plugin PythonScriptPlugin
LogPluginManager: Mounting plugin PlatformCrypto
LogPluginManager: Mounting plugin SkeletalReduction
LogPluginManager: Mounting plugin ScreenshotTools
LogPluginManager: Mounting plugin ActorLayerUtilities
LogPluginManager: Mounting plugin Takes
LogPluginManager: Mounting plugin AndroidDeviceProfileSelector
LogPluginManager: Mounting plugin AndroidMoviePlayer
LogPluginManager: Mounting plugin AndroidPermission
LogPluginManager: Mounting plugin AppleMoviePlayer
LogPluginManager: Mounting plugin AppleImageUtils
LogPluginManager: Mounting plugin ArchVisCharacter
LogPluginManager: Mounting plugin AssetTags
LogPluginManager: Mounting plugin AudioCapture
LogPluginManager: Mounting plugin CableComponent
LogPluginManager: Mounting plugin AudioSynesthesia
LogPluginManager: Mounting plugin CustomMeshComponent
LogPluginManager: Mounting plugin ChunkDownloader
LogPluginManager: Mounting plugin EditableMesh
LogPluginManager: Mounting plugin ExampleDeviceProfileSelector
LogPluginManager: Mounting plugin GoogleCloudMessaging
LogPluginManager: Mounting plugin GooglePAD
LogPluginManager: Mounting plugin IOSDeviceProfileSelector
LogPluginManager: Mounting plugin LinuxDeviceProfileSelector
LogPluginManager: Mounting plugin LocationServicesBPLibrary
LogPluginManager: Mounting plugin MobilePatchingUtils
LogPluginManager: Mounting plugin OpenXR
LogPluginManager: Mounting plugin OpenXRHandTracking
LogPluginManager: Mounting plugin OpenXREyeTracker
LogPluginManager: Mounting plugin PostSplashScreen
LogPluginManager: Mounting plugin PhysXVehicles
LogPluginManager: Mounting plugin ProceduralMeshComponent
LogPluginManager: Mounting plugin PropertyAccessEditor
LogPluginManager: Mounting plugin RuntimePhysXCooking
LogPluginManager: Mounting plugin SignificanceManager
LogPluginManager: Mounting plugin SoundFields
LogPluginManager: Mounting plugin Synthesis
LogPluginManager: Mounting plugin WebMMoviePlayer
LogPluginManager: Mounting plugin WindowsMoviePlayer
LogPluginManager: Mounting plugin ContentBrowserAssetDataSource
LogPluginManager: Mounting plugin ContentBrowserClassDataSource
LogPluginManager: Mounting plugin ContentBrowserFileDataSource
LogPluginManager: Mounting plugin OnlineSubsystemGooglePlay
LogPluginManager: Mounting plugin OnlineSubsystemIOS
LogPluginManager: Mounting plugin OculusVR
LogPluginManager: Mounting plugin SteamVR
PixWinPlugin: PIX capture plugin failed to initialize! Check that the process is launched from PIX.
LogInit: Using libcurl 7.55.1-DEV
LogInit:  - built for x86_64-pc-win32
LogInit:  - supports SSL with OpenSSL/1.1.1
LogInit:  - supports HTTP deflate (compression) using libz 1.2.8
LogInit:  - other features:
LogInit:      CURL_VERSION_SSL
LogInit:      CURL_VERSION_LIBZ
LogInit:      CURL_VERSION_IPV6
LogInit:      CURL_VERSION_ASYNCHDNS
LogInit:      CURL_VERSION_LARGEFILE
LogInit:      CURL_VERSION_IDN
LogInit:  CurlRequestOptions (configurable via config and command line):
LogInit:  - bVerifyPeer = true  - Libcurl will verify peer certificate
LogInit:  - bUseHttpProxy = false  - Libcurl will NOT use HTTP proxy
LogInit:  - bDontReuseConnections = false  - Libcurl will reuse connections
LogInit:  - MaxHostConnections = 16  - Libcurl will limit the number of connections to a host
LogInit:  - LocalHostAddr = Default
LogInit:  - BufferSize = 65536
LogOnline: OSS: Creating online subsystem instance for: NULL
LogInit: WinSock: version 1.1 (2.2), MaxSocks=32767, MaxUdp=65467
LogOnline: OSS: TryLoadSubsystemAndSetDefault: Loaded subsystem for module [NULL]
LogOculusPluginWrapper: OculusPlugin initialized successfully
LogHMD: Failed initializing OVRPlugin 1.59.0
LogInit: Build: ++UE4+Release-4.27-CL-18319896
LogInit: Engine Version: 4.27.2-18319896+++UE4+Release-4.27
LogInit: Compatible Engine Version: 4.27.0-17155196+++UE4+Release-4.27
LogInit: Net CL: 17155196
LogInit: OS: Windows 10 (Release 2009) (), CPU: Intel(R) Core(TM) i5-9300H CPU @ 2.40GHz, GPU: NVIDIA GeForce GTX 1660 Ti
LogInit: Compiled (64-bit): Nov 30 2021 07:12:08
LogInit: Compiled with Visual C++: 19.24.28315.00
LogInit: Build Configuration: Development
LogInit: Branch Name: ++UE4+Release-4.27
LogInit: Command Line: 
LogInit: Base Directory: C:/Program Files/Epic Games/UE_4.27/Engine/Binaries/Win64/
LogInit: Allocator: TBB
LogInit: Installed Engine Build: 1
LogDevObjectVersion: Number of dev versions registered: 29
LogDevObjectVersion:   Dev-Blueprints (B0D832E4-1F89-4F0D-ACCF-7EB736FD4AA2): 10
LogDevObjectVersion:   Dev-Build (E1C64328-A22C-4D53-A36C-8E866417BD8C): 0
LogDevObjectVersion:   Dev-Core (375EC13C-06E4-48FB-B500-84F0262A717E): 4
LogDevObjectVersion:   Dev-Editor (E4B068ED-F494-42E9-A231-DA0B2E46BB41): 40
LogDevObjectVersion:   Dev-Framework (CFFC743F-43B0-4480-9391-14DF171D2073): 37
LogDevObjectVersion:   Dev-Mobile (B02B49B5-BB20-44E9-A304-32B752E40360): 3
LogDevObjectVersion:   Dev-Networking (A4E4105C-59A1-49B5-A7C5-40C4547EDFEE): 0
LogDevObjectVersion:   Dev-Online (39C831C9-5AE6-47DC-9A44-9C173E1C8E7C): 0
LogDevObjectVersion:   Dev-Physics (78F01B33-EBEA-4F98-B9B4-84EACCB95AA2): 14
LogDevObjectVersion:   Dev-Platform (6631380F-2D4D-43E0-8009-CF276956A95A): 0
LogDevObjectVersion:   Dev-Rendering (12F88B9F-8875-4AFC-A67C-D90C383ABD29): 45
LogDevObjectVersion:   Dev-Sequencer (7B5AE74C-D270-4C10-A958-57980B212A5A): 13
LogDevObjectVersion:   Dev-VR (D7296918-1DD6-4BDD-9DE2-64A83CC13884): 3
LogDevObjectVersion:   Dev-LoadTimes (C2A15278-BFE7-4AFE-6C17-90FF531DF755): 1
LogDevObjectVersion:   Private-Geometry (6EACA3D4-40EC-4CC1-B786-8BED09428FC5): 3
LogDevObjectVersion:   Dev-AnimPhys (29E575DD-E0A3-4627-9D10-D276232CDCEA): 17
LogDevObjectVersion:   Dev-Anim (AF43A65D-7FD3-4947-9873-3E8ED9C1BB05): 15
LogDevObjectVersion:   Dev-ReflectionCapture (6B266CEC-1EC7-4B8F-A30B-E4D90942FC07): 1
LogDevObjectVersion:   Dev-Automation (0DF73D61-A23F-47EA-B727-89E90C41499A): 1
LogDevObjectVersion:   FortniteMain (601D1886-AC64-4F84-AA16-D3DE0DEAC7D6): 47
LogDevObjectVersion:   FortniteRelease (E7086368-6B23-4C58-8439-1B7016265E91): 1
LogDevObjectVersion:   Dev-Enterprise (9DFFBCD6-494F-0158-E221-12823C92A888): 10
LogDevObjectVersion:   Dev-Niagara (F2AED0AC-9AFE-416F-8664-AA7FFA26D6FC): 1
LogDevObjectVersion:   Dev-Destruction (174F1F0B-B4C6-45A5-B13F-2EE8D0FB917D): 10
LogDevObjectVersion:   Dev-Physics-Ext (35F94A83-E258-406C-A318-09F59610247C): 41
LogDevObjectVersion:   Dev-PhysicsMaterial-Chaos (B68FC16E-8B1B-42E2-B453-215C058844FE): 1
LogDevObjectVersion:   Dev-CineCamera (B2E18506-4273-CFC2-A54E-F4BB758BBA07): 1
LogDevObjectVersion:   Dev-VirtualProduction (64F58936-FD1B-42BA-BA96-7289D5D0FA4E): 1
LogDevObjectVersion:   Dev-MediaFramework (6F0ED827-A609-4895-9C91-998D90180EA4): 2
LogInit: Presizing for max 25165824 objects, including 0 objects not considered by GC, pre-allocating 0 bytes for permanent pool.
LogConfig: Applying CVar settings from Section [/Script/Engine.StreamingSettings] File [C:/Users/Lenovo/Documents/Unreal Projects/MyProject5/Saved/Config/Windows/Engine.ini]
LogConfig: Setting CVar [[s.MinBulkDataSizeForAsyncLoading:131072]]
LogConfig: Setting CVar [[s.AsyncLoadingThreadEnabled:0]]
LogConfig: Setting CVar [[s.EventDrivenLoaderEnabled:1]]
LogConfig: Setting CVar [[s.WarnIfTimeLimitExceeded:0]]
LogConfig: Setting CVar [[s.TimeLimitExceededMultiplier:1.5]]
LogConfig: Setting CVar [[s.TimeLimitExceededMinTime:0.005]]
LogConfig: Setting CVar [[s.UseBackgroundLevelStreaming:1]]
LogConfig: Setting CVar [[s.PriorityAsyncLoadingExtraTime:15.0]]
LogConfig: Setting CVar [[s.LevelStreamingActorsUpdateTimeLimit:5.0]]
LogConfig: Setting CVar [[s.PriorityLevelStreamingActorsUpdateExtraTime:5.0]]
LogConfig: Setting CVar [[s.LevelStreamingComponentsRegistrationGranularity:10]]
LogConfig: Setting CVar [[s.UnregisterComponentsTimeLimit:1.0]]
LogConfig: Setting CVar [[s.LevelStreamingComponentsUnregistrationGranularity:5]]
LogConfig: Setting CVar [[s.FlushStreamingOnExit:1]]
LogInit: Object subsystem initialized
LogConfig: Setting CVar [[con.DebugEarlyDefault:1]]
LogConfig: Setting CVar [[r.setres:1280x720]]
[2022.05.26-18.33.22:772][  0]LogConfig: Setting CVar [[r.VSync:0]]
[2022.05.26-18.33.22:772][  0]LogConfig: Setting CVar [[r.RHICmdBypass:0]]
[2022.05.26-18.33.22:773][  0]LogConfig: Applying CVar settings from Section [/Script/Engine.RendererSettings] File [C:/Users/Lenovo/Documents/Unreal Projects/MyProject5/Saved/Config/Windows/Engine.ini]
[2022.05.26-18.33.22:773][  0]LogConfig: Setting CVar [[r.GPUCrashDebugging:0]]
[2022.05.26-18.33.22:773][  0]LogConfig: Applying CVar settings from Section [/Script/Engine.RendererOverrideSettings] File [C:/Users/Lenovo/Documents/Unreal Projects/MyProject5/Saved/Config/Windows/Engine.ini]
[2022.05.26-18.33.22:773][  0]LogConfig: Applying CVar settings from Section [/Script/Engine.StreamingSettings] File [C:/Users/Lenovo/Documents/Unreal Projects/MyProject5/Saved/Config/Windows/Engine.ini]
[2022.05.26-18.33.22:773][  0]LogConfig: Setting CVar [[s.MinBulkDataSizeForAsyncLoading:131072]]
[2022.05.26-18.33.22:773][  0]LogConfig: Setting CVar [[s.AsyncLoadingThreadEnabled:0]]
[2022.05.26-18.33.22:773][  0]LogConfig: Setting CVar [[s.EventDrivenLoaderEnabled:1]]
[2022.05.26-18.33.22:773][  0]LogConfig: Setting CVar [[s.WarnIfTimeLimitExceeded:0]]
[2022.05.26-18.33.22:773][  0]LogConfig: Setting CVar [[s.TimeLimitExceededMultiplier:1.5]]
[2022.05.26-18.33.22:773][  0]LogConfig: Setting CVar [[s.TimeLimitExceededMinTime:0.005]]
[2022.05.26-18.33.22:773][  0]LogConfig: Setting CVar [[s.UseBackgroundLevelStreaming:1]]
[2022.05.26-18.33.22:773][  0]LogConfig: Setting CVar [[s.PriorityAsyncLoadingExtraTime:15.0]]
[2022.05.26-18.33.22:773][  0]LogConfig: Setting CVar [[s.LevelStreamingActorsUpdateTimeLimit:5.0]]
[2022.05.26-18.33.22:773][  0]LogConfig: Setting CVar [[s.PriorityLevelStreamingActorsUpdateExtraTime:5.0]]
[2022.05.26-18.33.22:773][  0]LogConfig: Setting CVar [[s.LevelStreamingComponentsRegistrationGranularity:10]]
[2022.05.26-18.33.22:773][  0]LogConfig: Setting CVar [[s.UnregisterComponentsTimeLimit:1.0]]
[2022.05.26-18.33.22:773][  0]LogConfig: Setting CVar [[s.LevelStreamingComponentsUnregistrationGranularity:5]]
[2022.05.26-18.33.22:773][  0]LogConfig: Setting CVar [[s.FlushStreamingOnExit:1]]
[2022.05.26-18.33.22:773][  0]LogConfig: Applying CVar settings from Section [/Script/Engine.GarbageCollectionSettings] File [C:/Users/Lenovo/Documents/Unreal Projects/MyProject5/Saved/Config/Windows/Engine.ini]
[2022.05.26-18.33.22:773][  0]LogConfig: Setting CVar [[gc.MaxObjectsNotConsideredByGC:1]]
[2022.05.26-18.33.22:773][  0]LogConfig: Setting CVar [[gc.SizeOfPermanentObjectPool:0]]
[2022.05.26-18.33.22:773][  0]LogConfig: Setting CVar [[gc.FlushStreamingOnGC:0]]
[2022.05.26-18.33.22:773][  0]LogConfig: Setting CVar [[gc.NumRetriesBeforeForcingGC:10]]
[2022.05.26-18.33.22:773][  0]LogConfig: Setting CVar [[gc.AllowParallelGC:1]]
[2022.05.26-18.33.22:773][  0]LogConfig: Setting CVar [[gc.TimeBetweenPurgingPendingKillObjects:61.1]]
[2022.05.26-18.33.22:773][  0]LogConfig: Setting CVar [[gc.MaxObjectsInEditor:25165824]]
[2022.05.26-18.33.22:773][  0]LogConfig: Setting CVar [[gc.IncrementalBeginDestroyEnabled:1]]
[2022.05.26-18.33.22:773][  0]LogConfig: Setting CVar [[gc.CreateGCClusters:1]]
[2022.05.26-18.33.22:773][  0]LogConfig: Setting CVar [[gc.MinGCClusterSize:5]]
[2022.05.26-18.33.22:773][  0]LogConfig: Setting CVar [[gc.ActorClusteringEnabled:0]]
[2022.05.26-18.33.22:773][  0]LogConfig: Setting CVar [[gc.BlueprintClusteringEnabled:0]]
[2022.05.26-18.33.22:773][  0]LogConfig: Setting CVar [[gc.UseDisregardForGCOnDedicatedServers:0]]
[2022.05.26-18.33.22:773][  0]LogConfig: Setting CVar [[gc.MultithreadedDestructionEnabled:1]]
[2022.05.26-18.33.22:773][  0]LogConfig: Applying CVar settings from Section [/Script/Engine.NetworkSettings] File [C:/Users/Lenovo/Documents/Unreal Projects/MyProject5/Saved/Config/Windows/Engine.ini]
[2022.05.26-18.33.22:773][  0]LogConfig: Applying CVar settings from Section [/Script/UnrealEd.CookerSettings] File [C:/Users/Lenovo/Documents/Unreal Projects/MyProject5/Saved/Config/Windows/Engine.ini]
[2022.05.26-18.33.22:783][  0]LogConfig: Applying CVar settings from Section [ViewDistanceQuality@3] File [C:/Users/Lenovo/Documents/Unreal Projects/MyProject5/Saved/Config/Windows/Scalability.ini]
[2022.05.26-18.33.22:783][  0]LogConfig: Setting CVar [[r.SkeletalMeshLODBias:0]]
[2022.05.26-18.33.22:783][  0]LogConfig: Setting CVar [[r.ViewDistanceScale:1.0]]
[2022.05.26-18.33.22:784][  0]LogConfig: Applying CVar settings from Section [AntiAliasingQuality@3] File [C:/Users/Lenovo/Documents/Unreal Projects/MyProject5/Saved/Config/Windows/Scalability.ini]
[2022.05.26-18.33.22:784][  0]LogConfig: Setting CVar [[r.PostProcessAAQuality:4]]
[2022.05.26-18.33.22:784][  0]LogConfig: Applying CVar settings from Section [ShadowQuality@3] File [C:/Users/Lenovo/Documents/Unreal Projects/MyProject5/Saved/Config/Windows/Scalability.ini]
[2022.05.26-18.33.22:784][  0]LogConfig: Setting CVar [[r.LightFunctionQuality:1]]
[2022.05.26-18.33.22:784][  0]LogConfig: Setting CVar [[r.ShadowQuality:5]]
[2022.05.26-18.33.22:784][  0]LogConfig: Setting CVar [[r.Shadow.CSM.MaxCascades:10]]
[2022.05.26-18.33.22:784][  0]LogConfig: Setting CVar [[r.Shadow.MaxResolution:2048]]
[2022.05.26-18.33.22:784][  0]LogConfig: Setting CVar [[r.Shadow.MaxCSMResolution:2048]]
[2022.05.26-18.33.22:784][  0]LogConfig: Setting CVar [[r.Shadow.RadiusThreshold:0.01]]
[2022.05.26-18.33.22:784][  0]LogConfig: Setting CVar [[r.Shadow.DistanceScale:1.0]]
[2022.05.26-18.33.22:784][  0]LogConfig: Setting CVar [[r.Shadow.CSM.TransitionScale:1.0]]
[2022.05.26-18.33.22:784][  0]LogConfig: Setting CVar [[r.Shadow.PreShadowResolutionFactor:1.0]]
[2022.05.26-18.33.22:784][  0]LogConfig: Setting CVar [[r.DistanceFieldShadowing:1]]
[2022.05.26-18.33.22:784][  0]LogConfig: Setting CVar [[r.DistanceFieldAO:1]]
[2022.05.26-18.33.22:784][  0]LogConfig: Setting CVar [[r.AOQuality:2]]
[2022.05.26-18.33.22:784][  0]LogConfig: Setting CVar [[r.VolumetricFog:1]]
[2022.05.26-18.33.22:784][  0]LogConfig: Setting CVar [[r.VolumetricFog.GridPixelSize:8]]
[2022.05.26-18.33.22:784][  0]LogConfig: Setting CVar [[r.VolumetricFog.GridSizeZ:128]]
[2022.05.26-18.33.22:784][  0]LogConfig: Setting CVar [[r.VolumetricFog.HistoryMissSupersampleCount:4]]
[2022.05.26-18.33.22:784][  0]LogConfig: Setting CVar [[r.LightMaxDrawDistanceScale:1]]
[2022.05.26-18.33.22:784][  0]LogConfig: Setting CVar [[r.CapsuleShadows:1]]
[2022.05.26-18.33.22:784][  0]LogConfig: Applying CVar settings from Section [PostProcessQuality@3] File [C:/Users/Lenovo/Documents/Unreal Projects/MyProject5/Saved/Config/Windows/Scalability.ini]
[2022.05.26-18.33.22:784][  0]LogConfig: Setting CVar [[r.MotionBlurQuality:4]]
[2022.05.26-18.33.22:784][  0]LogConfig: Setting CVar [[r.AmbientOcclusionMipLevelFactor:0.4]]
[2022.05.26-18.33.22:784][  0]LogConfig: Setting CVar [[r.AmbientOcclusionMaxQuality:100]]
[2022.05.26-18.33.22:784][  0]LogConfig: Setting CVar [[r.AmbientOcclusionLevels:-1]]
[2022.05.26-18.33.22:784][  0]LogConfig: Setting CVar [[r.AmbientOcclusionRadiusScale:1.0]]
[2022.05.26-18.33.22:784][  0]LogConfig: Setting CVar [[r.DepthOfFieldQuality:2]]
[2022.05.26-18.33.22:784][  0]LogConfig: Setting CVar [[r.RenderTargetPoolMin:400]]
[2022.05.26-18.33.22:784][  0]LogConfig: Setting CVar [[r.LensFlareQuality:2]]
[2022.05.26-18.33.22:784][  0]LogConfig: Setting CVar [[r.SceneColorFringeQuality:1]]
[2022.05.26-18.33.22:784][  0]LogConfig: Setting CVar [[r.EyeAdaptationQuality:2]]
[2022.05.26-18.33.22:784][  0]LogConfig: Setting CVar [[r.BloomQuality:5]]
[2022.05.26-18.33.22:784][  0]LogConfig: Setting CVar [[r.FastBlurThreshold:100]]
[2022.05.26-18.33.22:784][  0]LogConfig: Setting CVar [[r.Upscale.Quality:3]]
[2022.05.26-18.33.22:784][  0]LogConfig: Setting CVar [[r.Tonemapper.GrainQuantization:1]]
[2022.05.26-18.33.22:784][  0]LogConfig: Setting CVar [[r.LightShaftQuality:1]]
[2022.05.26-18.33.22:784][  0]LogConfig: Setting CVar [[r.Filter.SizeScale:1]]
[2022.05.26-18.33.22:784][  0]LogConfig: Setting CVar [[r.Tonemapper.Quality:5]]
[2022.05.26-18.33.22:784][  0]LogConfig: Setting CVar [[r.DOF.Gather.AccumulatorQuality:1        ; higher gathering accumulator quality]]
[2022.05.26-18.33.22:784][  0]LogConfig: Setting CVar [[r.DOF.Gather.PostfilterMethod:1          ; Median3x3 postfilering method]]
[2022.05.26-18.33.22:784][  0]LogConfig: Setting CVar [[r.DOF.Gather.EnableBokehSettings:0       ; no bokeh simulation when gathering]]
[2022.05.26-18.33.22:784][  0]LogConfig: Setting CVar [[r.DOF.Gather.RingCount:4                 ; medium number of samples when gathering]]
[2022.05.26-18.33.22:784][  0]LogConfig: Setting CVar [[r.DOF.Scatter.ForegroundCompositing:1    ; additive foreground scattering]]
[2022.05.26-18.33.22:784][  0]LogConfig: Setting CVar [[r.DOF.Scatter.BackgroundCompositing:2    ; additive background scattering]]
[2022.05.26-18.33.22:784][  0]LogConfig: Setting CVar [[r.DOF.Scatter.EnableBokehSettings:1      ; bokeh simulation when scattering]]
[2022.05.26-18.33.22:784][  0]LogConfig: Setting CVar [[r.DOF.Scatter.MaxSpriteRatio:0.1         ; only a maximum of 10% of scattered bokeh]]
[2022.05.26-18.33.22:784][  0]LogConfig: Setting CVar [[r.DOF.Recombine.Quality:1                ; cheap slight out of focus]]
[2022.05.26-18.33.22:784][  0]LogConfig: Setting CVar [[r.DOF.Recombine.EnableBokehSettings:0    ; no bokeh simulation on slight out of focus]]
[2022.05.26-18.33.22:784][  0]LogConfig: Setting CVar [[r.DOF.TemporalAAQuality:1                ; more stable temporal accumulation]]
[2022.05.26-18.33.22:784][  0]LogConfig: Setting CVar [[r.DOF.Kernel.MaxForegroundRadius:0.025]]
[2022.05.26-18.33.22:784][  0]LogConfig: Setting CVar [[r.DOF.Kernel.MaxBackgroundRadius:0.025]]
[2022.05.26-18.33.22:784][  0]LogConfig: Applying CVar settings from Section [TextureQuality@3] File [C:/Users/Lenovo/Documents/Unreal Projects/MyProject5/Saved/Config/Windows/Scalability.ini]
[2022.05.26-18.33.22:784][  0]LogConfig: Setting CVar [[r.Streaming.MipBias:0]]
[2022.05.26-18.33.22:784][  0]LogConfig: Setting CVar [[r.Streaming.AmortizeCPUToGPUCopy:0]]
[2022.05.26-18.33.22:784][  0]LogConfig: Setting CVar [[r.Streaming.MaxNumTexturesToStreamPerFrame:0]]
[2022.05.26-18.33.22:784][  0]LogConfig: Setting CVar [[r.Streaming.Boost:1]]
[2022.05.26-18.33.22:784][  0]LogConfig: Setting CVar [[r.MaxAnisotropy:8]]
[2022.05.26-18.33.22:784][  0]LogConfig: Setting CVar [[r.VT.MaxAnisotropy:8]]
[2022.05.26-18.33.22:784][  0]LogConfig: Setting CVar [[r.Streaming.LimitPoolSizeToVRAM:0]]
[2022.05.26-18.33.22:784][  0]LogConfig: Setting CVar [[r.Streaming.PoolSize:1000]]
[2022.05.26-18.33.22:784][  0]LogConfig: Setting CVar [[r.Streaming.MaxEffectiveScreenSize:0]]
[2022.05.26-18.33.22:784][  0]LogConfig: Applying CVar settings from Section [EffectsQuality@3] File [C:/Users/Lenovo/Documents/Unreal Projects/MyProject5/Saved/Config/Windows/Scalability.ini]
[2022.05.26-18.33.22:784][  0]LogConfig: Setting CVar [[r.TranslucencyLightingVolumeDim:64]]
[2022.05.26-18.33.22:784][  0]LogConfig: Setting CVar [[r.RefractionQuality:2]]
[2022.05.26-18.33.22:784][  0]LogConfig: Setting CVar [[r.SSR.Quality:3]]
[2022.05.26-18.33.22:784][  0]LogConfig: Setting CVar [[r.SSR.HalfResSceneColor:0]]
[2022.05.26-18.33.22:784][  0]LogConfig: Setting CVar [[r.SceneColorFormat:4]]
[2022.05.26-18.33.22:784][  0]LogConfig: Setting CVar [[r.DetailMode:2]]
[2022.05.26-18.33.22:784][  0]LogConfig: Setting CVar [[r.TranslucencyVolumeBlur:1]]
[2022.05.26-18.33.22:784][  0]LogConfig: Setting CVar [[r.MaterialQualityLevel:1 ; High quality]]
[2022.05.26-18.33.22:784][  0]LogConfig: Setting CVar [[r.AnisotropicMaterials:1]]
[2022.05.26-18.33.22:784][  0]LogConfig: Setting CVar [[r.SSS.Scale:1]]
[2022.05.26-18.33.22:784][  0]LogConfig: Setting CVar [[r.SSS.SampleSet:2]]
[2022.05.26-18.33.22:784][  0]LogConfig: Setting CVar [[r.SSS.Quality:1]]
[2022.05.26-18.33.22:784][  0]LogConfig: Setting CVar [[r.SSS.HalfRes:0]]
[2022.05.26-18.33.22:784][  0]LogConfig: Setting CVar [[r.SSGI.Quality:3]]
[2022.05.26-18.33.22:784][  0]LogConfig: Setting CVar [[r.EmitterSpawnRateScale:1.0]]
[2022.05.26-18.33.22:784][  0]LogConfig: Setting CVar [[r.ParticleLightQuality:2]]
[2022.05.26-18.33.22:784][  0]LogConfig: Setting CVar [[r.SkyAtmosphere.AerialPerspectiveLUT.FastApplyOnOpaque:1 ; Always have FastSkyLUT 1 in this case to avoid wrong sky]]
[2022.05.26-18.33.22:784][  0]LogConfig: Setting CVar [[r.SkyAtmosphere.AerialPerspectiveLUT.SampleCountMaxPerSlice:4]]
[2022.05.26-18.33.22:784][  0]LogConfig: Setting CVar [[r.SkyAtmosphere.AerialPerspectiveLUT.DepthResolution:16.0]]
[2022.05.26-18.33.22:784][  0]LogConfig: Setting CVar [[r.SkyAtmosphere.FastSkyLUT:1]]
[2022.05.26-18.33.22:784][  0]LogConfig: Setting CVar [[r.SkyAtmosphere.FastSkyLUT.SampleCountMin:4.0]]
[2022.05.26-18.33.22:784][  0]LogConfig: Setting CVar [[r.SkyAtmosphere.FastSkyLUT.SampleCountMax:128.0]]
[2022.05.26-18.33.22:784][  0]LogConfig: Setting CVar [[r.SkyAtmosphere.SampleCountMin:4.0]]
[2022.05.26-18.33.22:784][  0]LogConfig: Setting CVar [[r.SkyAtmosphere.SampleCountMax:128.0]]
[2022.05.26-18.33.22:785][  0]LogConfig: Setting CVar [[r.SkyAtmosphere.TransmittanceLUT.UseSmallFormat:0]]
[2022.05.26-18.33.22:785][  0]LogConfig: Setting CVar [[r.SkyAtmosphere.TransmittanceLUT.SampleCount:10.0]]
[2022.05.26-18.33.22:785][  0]LogConfig: Setting CVar [[r.SkyAtmosphere.MultiScatteringLUT.SampleCount:15.0]]
[2022.05.26-18.33.22:785][  0]LogConfig: Setting CVar [[r.SkyLight.RealTimeReflectionCapture:1]]
[2022.05.26-18.33.22:785][  0]LogConfig: Applying CVar settings from Section [FoliageQuality@3] File [C:/Users/Lenovo/Documents/Unreal Projects/MyProject5/Saved/Config/Windows/Scalability.ini]
[2022.05.26-18.33.22:785][  0]LogConfig: Setting CVar [[foliage.DensityScale:1.0]]
[2022.05.26-18.33.22:785][  0]LogConfig: Setting CVar [[grass.DensityScale:1.0]]
[2022.05.26-18.33.22:785][  0]LogConfig: Applying CVar settings from Section [ShadingQuality@3] File [C:/Users/Lenovo/Documents/Unreal Projects/MyProject5/Saved/Config/Windows/Scalability.ini]
[2022.05.26-18.33.22:785][  0]LogConfig: Setting CVar [[r.HairStrands.SkyLighting.IntegrationType:2]]
[2022.05.26-18.33.22:785][  0]LogConfig: Setting CVar [[r.HairStrands.SkyAO.SampleCount:4]]
[2022.05.26-18.33.22:785][  0]LogConfig: Setting CVar [[r.HairStrands.Visibility.MSAA.SamplePerPixel:4]]
[2022.05.26-18.33.22:786][  0]LogInit: Selected Device Profile: [Windows]
[2022.05.26-18.33.22:787][  0]LogInit: Applying CVar settings loaded from the selected device profile: [Windows]
[2022.05.26-18.33.22:788][  0]LogHAL: Display: Platform has ~ 8 GB [8506200064 / 8589934592 / 8], which maps to Default [LargestMinGB=32, LargerMinGB=12, DefaultMinGB=8, SmallerMinGB=6, SmallestMinGB=0)
[2022.05.26-18.33.22:788][  0]LogInit: Going up to parent DeviceProfile []
[2022.05.26-18.33.22:788][  0]LogConfig: Applying CVar settings from Section [ViewDistanceQuality@3] File [C:/Users/Lenovo/Documents/Unreal Projects/MyProject5/Saved/Config/Windows/Scalability.ini]
[2022.05.26-18.33.22:788][  0]LogConfig: Setting CVar [[r.SkeletalMeshLODBias:0]]
[2022.05.26-18.33.22:788][  0]LogConfig: Setting CVar [[r.ViewDistanceScale:1.0]]
[2022.05.26-18.33.22:788][  0]LogConfig: Applying CVar settings from Section [AntiAliasingQuality@3] File [C:/Users/Lenovo/Documents/Unreal Projects/MyProject5/Saved/Config/Windows/Scalability.ini]
[2022.05.26-18.33.22:788][  0]LogConfig: Setting CVar [[r.PostProcessAAQuality:4]]
[2022.05.26-18.33.22:788][  0]LogConfig: Applying CVar settings from Section [ShadowQuality@3] File [C:/Users/Lenovo/Documents/Unreal Projects/MyProject5/Saved/Config/Windows/Scalability.ini]
[2022.05.26-18.33.22:788][  0]LogConfig: Setting CVar [[r.LightFunctionQuality:1]]
[2022.05.26-18.33.22:788][  0]LogConfig: Setting CVar [[r.ShadowQuality:5]]
[2022.05.26-18.33.22:788][  0]LogConfig: Setting CVar [[r.Shadow.CSM.MaxCascades:10]]
[2022.05.26-18.33.22:788][  0]LogConfig: Setting CVar [[r.Shadow.MaxResolution:2048]]
[2022.05.26-18.33.22:788][  0]LogConfig: Setting CVar [[r.Shadow.MaxCSMResolution:2048]]
[2022.05.26-18.33.22:788][  0]LogConfig: Setting CVar [[r.Shadow.RadiusThreshold:0.01]]
[2022.05.26-18.33.22:788][  0]LogConfig: Setting CVar [[r.Shadow.DistanceScale:1.0]]
[2022.05.26-18.33.22:789][  0]LogConfig: Setting CVar [[r.Shadow.CSM.TransitionScale:1.0]]
[2022.05.26-18.33.22:789][  0]LogConfig: Setting CVar [[r.Shadow.PreShadowResolutionFactor:1.0]]
[2022.05.26-18.33.22:789][  0]LogConfig: Setting CVar [[r.DistanceFieldShadowing:1]]
[2022.05.26-18.33.22:789][  0]LogConfig: Setting CVar [[r.DistanceFieldAO:1]]
[2022.05.26-18.33.22:789][  0]LogConfig: Setting CVar [[r.AOQuality:2]]
[2022.05.26-18.33.22:789][  0]LogConfig: Setting CVar [[r.VolumetricFog:1]]
[2022.05.26-18.33.22:789][  0]LogConfig: Setting CVar [[r.VolumetricFog.GridPixelSize:8]]
[2022.05.26-18.33.22:789][  0]LogConfig: Setting CVar [[r.VolumetricFog.GridSizeZ:128]]
[2022.05.26-18.33.22:789][  0]LogConfig: Setting CVar [[r.VolumetricFog.HistoryMissSupersampleCount:4]]
[2022.05.26-18.33.22:789][  0]LogConfig: Setting CVar [[r.LightMaxDrawDistanceScale:1]]
[2022.05.26-18.33.22:789][  0]LogConfig: Setting CVar [[r.CapsuleShadows:1]]
[2022.05.26-18.33.22:789][  0]LogConfig: Applying CVar settings from Section [PostProcessQuality@3] File [C:/Users/Lenovo/Documents/Unreal Projects/MyProject5/Saved/Config/Windows/Scalability.ini]
[2022.05.26-18.33.22:789][  0]LogConfig: Setting CVar [[r.MotionBlurQuality:4]]
[2022.05.26-18.33.22:789][  0]LogConfig: Setting CVar [[r.AmbientOcclusionMipLevelFactor:0.4]]
[2022.05.26-18.33.22:789][  0]LogConfig: Setting CVar [[r.AmbientOcclusionMaxQuality:100]]
[2022.05.26-18.33.22:789][  0]LogConfig: Setting CVar [[r.AmbientOcclusionLevels:-1]]
[2022.05.26-18.33.22:789][  0]LogConfig: Setting CVar [[r.AmbientOcclusionRadiusScale:1.0]]
[2022.05.26-18.33.22:789][  0]LogConfig: Setting CVar [[r.DepthOfFieldQuality:2]]
[2022.05.26-18.33.22:789][  0]LogConfig: Setting CVar [[r.RenderTargetPoolMin:400]]
[2022.05.26-18.33.22:789][  0]LogConfig: Setting CVar [[r.LensFlareQuality:2]]
[2022.05.26-18.33.22:789][  0]LogConfig: Setting CVar [[r.SceneColorFringeQuality:1]]
[2022.05.26-18.33.22:789][  0]LogConfig: Setting CVar [[r.EyeAdaptationQuality:2]]
[2022.05.26-18.33.22:789][  0]LogConfig: Setting CVar [[r.BloomQuality:5]]
[2022.05.26-18.33.22:789][  0]LogConfig: Setting CVar [[r.FastBlurThreshold:100]]
[2022.05.26-18.33.22:789][  0]LogConfig: Setting CVar [[r.Upscale.Quality:3]]
[2022.05.26-18.33.22:789][  0]LogConfig: Setting CVar [[r.Tonemapper.GrainQuantization:1]]
[2022.05.26-18.33.22:789][  0]LogConfig: Setting CVar [[r.LightShaftQuality:1]]
[2022.05.26-18.33.22:789][  0]LogConfig: Setting CVar [[r.Filter.SizeScale:1]]
[2022.05.26-18.33.22:789][  0]LogConfig: Setting CVar [[r.Tonemapper.Quality:5]]
[2022.05.26-18.33.22:789][  0]LogConfig: Setting CVar [[r.DOF.Gather.AccumulatorQuality:1        ; higher gathering accumulator quality]]
[2022.05.26-18.33.22:789][  0]LogConfig: Setting CVar [[r.DOF.Gather.PostfilterMethod:1          ; Median3x3 postfilering method]]
[2022.05.26-18.33.22:789][  0]LogConfig: Setting CVar [[r.DOF.Gather.EnableBokehSettings:0       ; no bokeh simulation when gathering]]
[2022.05.26-18.33.22:789][  0]LogConfig: Setting CVar [[r.DOF.Gather.RingCount:4                 ; medium number of samples when gathering]]
[2022.05.26-18.33.22:789][  0]LogConfig: Setting CVar [[r.DOF.Scatter.ForegroundCompositing:1    ; additive foreground scattering]]
[2022.05.26-18.33.22:789][  0]LogConfig: Setting CVar [[r.DOF.Scatter.BackgroundCompositing:2    ; additive background scattering]]
[2022.05.26-18.33.22:789][  0]LogConfig: Setting CVar [[r.DOF.Scatter.EnableBokehSettings:1      ; bokeh simulation when scattering]]
[2022.05.26-18.33.22:789][  0]LogConfig: Setting CVar [[r.DOF.Scatter.MaxSpriteRatio:0.1         ; only a maximum of 10% of scattered bokeh]]
[2022.05.26-18.33.22:789][  0]LogConfig: Setting CVar [[r.DOF.Recombine.Quality:1                ; cheap slight out of focus]]
[2022.05.26-18.33.22:789][  0]LogConfig: Setting CVar [[r.DOF.Recombine.EnableBokehSettings:0    ; no bokeh simulation on slight out of focus]]
[2022.05.26-18.33.22:789][  0]LogConfig: Setting CVar [[r.DOF.TemporalAAQuality:1                ; more stable temporal accumulation]]
[2022.05.26-18.33.22:789][  0]LogConfig: Setting CVar [[r.DOF.Kernel.MaxForegroundRadius:0.025]]
[2022.05.26-18.33.22:789][  0]LogConfig: Setting CVar [[r.DOF.Kernel.MaxBackgroundRadius:0.025]]
[2022.05.26-18.33.22:789][  0]LogConfig: Applying CVar settings from Section [TextureQuality@3] File [C:/Users/Lenovo/Documents/Unreal Projects/MyProject5/Saved/Config/Windows/Scalability.ini]
[2022.05.26-18.33.22:789][  0]LogConfig: Setting CVar [[r.Streaming.MipBias:0]]
[2022.05.26-18.33.22:789][  0]LogConfig: Setting CVar [[r.Streaming.AmortizeCPUToGPUCopy:0]]
[2022.05.26-18.33.22:789][  0]LogConfig: Setting CVar [[r.Streaming.MaxNumTexturesToStreamPerFrame:0]]
[2022.05.26-18.33.22:789][  0]LogConfig: Setting CVar [[r.Streaming.Boost:1]]
[2022.05.26-18.33.22:789][  0]LogConfig: Setting CVar [[r.MaxAnisotropy:8]]
[2022.05.26-18.33.22:789][  0]LogConfig: Setting CVar [[r.VT.MaxAnisotropy:8]]
[2022.05.26-18.33.22:789][  0]LogConfig: Setting CVar [[r.Streaming.LimitPoolSizeToVRAM:0]]
[2022.05.26-18.33.22:789][  0]LogConfig: Setting CVar [[r.Streaming.PoolSize:1000]]
[2022.05.26-18.33.22:789][  0]LogConfig: Setting CVar [[r.Streaming.MaxEffectiveScreenSize:0]]
[2022.05.26-18.33.22:789][  0]LogConfig: Applying CVar settings from Section [EffectsQuality@3] File [C:/Users/Lenovo/Documents/Unreal Projects/MyProject5/Saved/Config/Windows/Scalability.ini]
[2022.05.26-18.33.22:789][  0]LogConfig: Setting CVar [[r.TranslucencyLightingVolumeDim:64]]
[2022.05.26-18.33.22:789][  0]LogConfig: Setting CVar [[r.RefractionQuality:2]]
[2022.05.26-18.33.22:789][  0]LogConfig: Setting CVar [[r.SSR.Quality:3]]
[2022.05.26-18.33.22:789][  0]LogConfig: Setting CVar [[r.SSR.HalfResSceneColor:0]]
[2022.05.26-18.33.22:789][  0]LogConfig: Setting CVar [[r.SceneColorFormat:4]]
[2022.05.26-18.33.22:789][  0]LogConfig: Setting CVar [[r.DetailMode:2]]
[2022.05.26-18.33.22:789][  0]LogConfig: Setting CVar [[r.TranslucencyVolumeBlur:1]]
[2022.05.26-18.33.22:789][  0]LogConfig: Setting CVar [[r.MaterialQualityLevel:1 ; High quality]]
[2022.05.26-18.33.22:789][  0]LogConfig: Setting CVar [[r.AnisotropicMaterials:1]]
[2022.05.26-18.33.22:789][  0]LogConfig: Setting CVar [[r.SSS.Scale:1]]
[2022.05.26-18.33.22:789][  0]LogConfig: Setting CVar [[r.SSS.SampleSet:2]]
[2022.05.26-18.33.22:789][  0]LogConfig: Setting CVar [[r.SSS.Quality:1]]
[2022.05.26-18.33.22:789][  0]LogConfig: Setting CVar [[r.SSS.HalfRes:0]]
[2022.05.26-18.33.22:789][  0]LogConfig: Setting CVar [[r.SSGI.Quality:3]]
[2022.05.26-18.33.22:789][  0]LogConfig: Setting CVar [[r.EmitterSpawnRateScale:1.0]]
[2022.05.26-18.33.22:789][  0]LogConfig: Setting CVar [[r.ParticleLightQuality:2]]
[2022.05.26-18.33.22:789][  0]LogConfig: Setting CVar [[r.SkyAtmosphere.AerialPerspectiveLUT.FastApplyOnOpaque:1 ; Always have FastSkyLUT 1 in this case to avoid wrong sky]]
[2022.05.26-18.33.22:789][  0]LogConfig: Setting CVar [[r.SkyAtmosphere.AerialPerspectiveLUT.SampleCountMaxPerSlice:4]]
[2022.05.26-18.33.22:789][  0]LogConfig: Setting CVar [[r.SkyAtmosphere.AerialPerspectiveLUT.DepthResolution:16.0]]
[2022.05.26-18.33.22:789][  0]LogConfig: Setting CVar [[r.SkyAtmosphere.FastSkyLUT:1]]
[2022.05.26-18.33.22:789][  0]LogConfig: Setting CVar [[r.SkyAtmosphere.FastSkyLUT.SampleCountMin:4.0]]
[2022.05.26-18.33.22:789][  0]LogConfig: Setting CVar [[r.SkyAtmosphere.FastSkyLUT.SampleCountMax:128.0]]
[2022.05.26-18.33.22:789][  0]LogConfig: Setting CVar [[r.SkyAtmosphere.SampleCountMin:4.0]]
[2022.05.26-18.33.22:789][  0]LogConfig: Setting CVar [[r.SkyAtmosphere.SampleCountMax:128.0]]
[2022.05.26-18.33.22:789][  0]LogConfig: Setting CVar [[r.SkyAtmosphere.TransmittanceLUT.UseSmallFormat:0]]
[2022.05.26-18.33.22:789][  0]LogConfig: Setting CVar [[r.SkyAtmosphere.TransmittanceLUT.SampleCount:10.0]]
[2022.05.26-18.33.22:789][  0]LogConfig: Setting CVar [[r.SkyAtmosphere.MultiScatteringLUT.SampleCount:15.0]]
[2022.05.26-18.33.22:789][  0]LogConfig: Setting CVar [[r.SkyLight.RealTimeReflectionCapture:1]]
[2022.05.26-18.33.22:789][  0]LogConfig: Applying CVar settings from Section [FoliageQuality@3] File [C:/Users/Lenovo/Documents/Unreal Projects/MyProject5/Saved/Config/Windows/Scalability.ini]
[2022.05.26-18.33.22:789][  0]LogConfig: Setting CVar [[foliage.DensityScale:1.0]]
[2022.05.26-18.33.22:789][  0]LogConfig: Setting CVar [[grass.DensityScale:1.0]]
[2022.05.26-18.33.22:789][  0]LogConfig: Applying CVar settings from Section [ShadingQuality@3] File [C:/Users/Lenovo/Documents/Unreal Projects/MyProject5/Saved/Config/Windows/Scalability.ini]
[2022.05.26-18.33.22:789][  0]LogConfig: Setting CVar [[r.HairStrands.SkyLighting.IntegrationType:2]]
[2022.05.26-18.33.22:789][  0]LogConfig: Setting CVar [[r.HairStrands.SkyAO.SampleCount:4]]
[2022.05.26-18.33.22:789][  0]LogConfig: Setting CVar [[r.HairStrands.Visibility.MSAA.SamplePerPixel:4]]
[2022.05.26-18.33.22:789][  0]LogConfig: Applying CVar settings from Section [Startup] File [../../../Engine/Config/ConsoleVariables.ini]
[2022.05.26-18.33.22:794][  0]LogConfig: Setting CVar [[net.UseAdaptiveNetUpdateFrequency:0]]
[2022.05.26-18.33.22:794][  0]LogConfig: Setting CVar [[p.chaos.AllowCreatePhysxBodies:1]]
[2022.05.26-18.33.22:794][  0]LogConfig: Setting CVar [[fx.SkipVectorVMBackendOptimizations:1]]
[2022.05.26-18.33.22:794][  0]LogConfig: Applying CVar settings from Section [ConsoleVariables] File [C:/Users/Lenovo/Documents/Unreal Projects/MyProject5/Saved/Config/Windows/Engine.ini]
[2022.05.26-18.33.22:794][  0]LogConfig: Applying CVar settings from Section [ConsoleVariables] File [C:/Users/Lenovo/Documents/Unreal Projects/MyProject5/Saved/Config/Windows/Editor.ini]
[2022.05.26-18.33.22:796][  0]LogInit: Computer: DESKTOP-8DQP6HV
[2022.05.26-18.33.22:796][  0]LogInit: User: Lenovo
[2022.05.26-18.33.22:796][  0]LogInit: CPU Page size=4096, Cores=4
[2022.05.26-18.33.22:796][  0]LogInit: High frequency timer resolution =10.000000 MHz
[2022.05.26-18.33.22:796][  0]LogMemory: Memory total: Physical=7.9GB (8GB approx)
[2022.05.26-18.33.22:796][  0]LogMemory: Platform Memory Stats for Windows
[2022.05.26-18.33.22:796][  0]LogMemory: Process Physical Memory: 148.00 MB used, 148.00 MB peak
[2022.05.26-18.33.22:796][  0]LogMemory: Process Virtual Memory: 126.82 MB used, 126.82 MB peak
[2022.05.26-18.33.22:796][  0]LogMemory: Physical Memory: 6870.64 MB used,  1241.51 MB free, 8112.14 MB total
[2022.05.26-18.33.22:796][  0]LogMemory: Virtual Memory: 134215344.00 MB used,  2380.12 MB free, 134217728.00 MB total
[2022.05.26-18.33.22:813][  0]LogWindows: WindowsPlatformFeatures enabled
[2022.05.26-18.33.23:083][  0]LogInit: Physics initialised using underlying interface: PhysX
[2022.05.26-18.33.23:086][  0]LogInit: Using OS detected language (en-US).
[2022.05.26-18.33.23:086][  0]LogInit: Using OS detected locale (en-US).
[2022.05.26-18.33.23:108][  0]LogTextLocalizationManager: No specific localization for 'en-US' exists, so the 'en' localization will be used.
[2022.05.26-18.33.23:405][  0]LogInit: Setting process to per monitor DPI aware
[2022.05.26-18.33.23:442][  0]LogWindowsTextInputMethodSystem: Display: IME system deactivated.
[2022.05.26-18.33.23:497][  0]LogSlate: New Slate User Created.  User Index 0, Is Virtual User: 0
[2022.05.26-18.33.23:497][  0]LogSlate: Slate User Registered.  User Index 0, Is Virtual User: 0
[2022.05.26-18.33.25:197][  0]LogD3D11RHI: Loaded GFSDK_Aftermath_Lib.x64.dll
[2022.05.26-18.33.25:201][  0]LogHMD: Failed to initialize OpenVR with code 110
[2022.05.26-18.33.25:201][  0]LogD3D11RHI: D3D11 min allowed feature level: 11_0
[2022.05.26-18.33.25:201][  0]LogD3D11RHI: D3D11 max allowed feature level: 11_0
[2022.05.26-18.33.25:201][  0]LogD3D11RHI: D3D11 adapters:
[2022.05.26-18.33.25:363][  0]LogD3D11RHI:    0. 'NVIDIA GeForce GTX 1660 Ti' (Feature Level 11_0)
[2022.05.26-18.33.25:363][  0]LogD3D11RHI:       5991/0/4056 MB DedicatedVideo/DedicatedSystem/SharedSystem, Outputs:1, VendorId:0x10de
[2022.05.26-18.33.25:371][  0]LogD3D11RHI:    1. 'Microsoft Basic Render Driver' (Feature Level 11_0)
[2022.05.26-18.33.25:371][  0]LogD3D11RHI:       0/0/4056 MB DedicatedVideo/DedicatedSystem/SharedSystem, Outputs:0, VendorId:0x1414
[2022.05.26-18.33.25:371][  0]LogD3D11RHI: Chosen D3D11 Adapter:
[2022.05.26-18.33.25:371][  0]LogD3D11RHI:     Description : NVIDIA GeForce GTX 1660 Ti
[2022.05.26-18.33.25:371][  0]LogD3D11RHI:     VendorId    : 10de
[2022.05.26-18.33.25:371][  0]LogD3D11RHI:     DeviceId    : 2191
[2022.05.26-18.33.25:371][  0]LogD3D11RHI:     SubSysId    : 3ffc17aa
[2022.05.26-18.33.25:371][  0]LogD3D11RHI:     Revision    : 00a1
[2022.05.26-18.33.25:371][  0]LogD3D11RHI:     DedicatedVideoMemory : 6282018816 bytes
[2022.05.26-18.33.25:371][  0]LogD3D11RHI:     DedicatedSystemMemory : 0 bytes
[2022.05.26-18.33.25:371][  0]LogD3D11RHI:     SharedSystemMemory : 4253100032 bytes
[2022.05.26-18.33.25:371][  0]LogD3D11RHI:     AdapterLuid : 0 60917
[2022.05.26-18.33.25:380][  0]LogD3D11RHI: Creating new Direct3DDevice
[2022.05.26-18.33.25:380][  0]LogD3D11RHI:     GPU DeviceId: 0x2191 (for the marketing name, search the web for "GPU Device Id")
[2022.05.26-18.33.25:380][  0]LogWindows: EnumDisplayDevices:
[2022.05.26-18.33.25:380][  0]LogWindows:    0. 'NVIDIA GeForce GTX 1660 Ti' (P:1 D:1)
[2022.05.26-18.33.25:381][  0]LogWindows:    1. 'NVIDIA GeForce GTX 1660 Ti' (P:0 D:0)
[2022.05.26-18.33.25:381][  0]LogWindows:    2. 'NVIDIA GeForce GTX 1660 Ti' (P:0 D:0)
[2022.05.26-18.33.25:381][  0]LogWindows:    3. 'NVIDIA GeForce GTX 1660 Ti' (P:0 D:0)
[2022.05.26-18.33.25:381][  0]LogWindows: DebugString: FoundDriverCount:4 
[2022.05.26-18.33.25:381][  0]LogD3D11RHI:     Adapter Name: NVIDIA GeForce GTX 1660 Ti
[2022.05.26-18.33.25:381][  0]LogD3D11RHI:   Driver Version: 512.59 (internal:30.0.15.1259, unified:512.59)
[2022.05.26-18.33.25:381][  0]LogD3D11RHI:      Driver Date: 4-20-2022
[2022.05.26-18.33.25:382][  0]LogRHI: Texture pool is 4193 MB (70% of 5991 MB)
[2022.05.26-18.33.25:382][  0]LogD3D11RHI: Creating D3DDevice using adapter:
[2022.05.26-18.33.25:382][  0]LogD3D11RHI:     Description : NVIDIA GeForce GTX 1660 Ti
[2022.05.26-18.33.25:382][  0]LogD3D11RHI:     VendorId    : 10de
[2022.05.26-18.33.25:382][  0]LogD3D11RHI:     DeviceId    : 2191
[2022.05.26-18.33.25:382][  0]LogD3D11RHI:     SubSysId    : 3ffc17aa
[2022.05.26-18.33.25:382][  0]LogD3D11RHI:     Revision    : 00a1
[2022.05.26-18.33.25:382][  0]LogD3D11RHI:     DedicatedVideoMemory : 6282018816 bytes
[2022.05.26-18.33.25:382][  0]LogD3D11RHI:     DedicatedSystemMemory : 0 bytes
[2022.05.26-18.33.25:382][  0]LogD3D11RHI:     SharedSystemMemory : 4253100032 bytes
[2022.05.26-18.33.25:382][  0]LogD3D11RHI:     AdapterLuid : 0 60917
[2022.05.26-18.33.25:433][  0]LogD3D11RHI: RHI has support for 64 bit atomics
[2022.05.26-18.33.25:434][  0]LogD3D11RHI: Async texture creation enabled
[2022.05.26-18.33.25:434][  0]LogD3D11RHI: Array index from any shader is supported
[2022.05.26-18.33.25:474][  0]LogD3D11RHI: GPU Timing Frequency: 1000.000000 (Debug: 2 1)
[2022.05.26-18.33.25:597][  0]LogRHI: GeForceNow SDK initialized: 1
[2022.05.26-18.33.26:548][  0]LogTargetPlatformManager: Display: Loaded TargetPlatform 'AllDesktop'
[2022.05.26-18.33.26:581][  0]LogTargetPlatformManager: Display: Loaded TargetPlatform 'Android'
[2022.05.26-18.33.26:581][  0]LogTargetPlatformManager: Display: Loaded TargetPlatform 'Android_ASTC'
[2022.05.26-18.33.26:581][  0]LogTargetPlatformManager: Display: Loaded TargetPlatform 'Android_DXT'
[2022.05.26-18.33.26:581][  0]LogTargetPlatformManager: Display: Loaded TargetPlatform 'Android_ETC2'
[2022.05.26-18.33.26:581][  0]LogTargetPlatformManager: Display: Loaded TargetPlatform 'AndroidClient'
[2022.05.26-18.33.26:581][  0]LogTargetPlatformManager: Display: Loaded TargetPlatform 'Android_ASTCClient'
[2022.05.26-18.33.26:581][  0]LogTargetPlatformManager: Display: Loaded TargetPlatform 'Android_DXTClient'
[2022.05.26-18.33.26:581][  0]LogTargetPlatformManager: Display: Loaded TargetPlatform 'Android_ETC2Client'
[2022.05.26-18.33.26:581][  0]LogTargetPlatformManager: Display: Loaded TargetPlatform 'Android_Multi'
[2022.05.26-18.33.26:581][  0]LogTargetPlatformManager: Display: Loaded TargetPlatform 'Android_MultiClient'
[2022.05.26-18.33.26:630][  0]LogTargetPlatformManager: Display: Loaded TargetPlatform 'IOSClient'
[2022.05.26-18.33.26:630][  0]LogTargetPlatformManager: Display: Loaded TargetPlatform 'IOS'
[2022.05.26-18.33.26:657][  0]LogTargetPlatformManager: Display: Loaded TargetPlatform 'Linux'
[2022.05.26-18.33.26:671][  0]LogTargetPlatformManager: Display: Loaded TargetPlatform 'LinuxNoEditor'
[2022.05.26-18.33.26:684][  0]LogTargetPlatformManager: Display: Loaded TargetPlatform 'LinuxClient'
[2022.05.26-18.33.26:697][  0]LogTargetPlatformManager: Display: Loaded TargetPlatform 'LinuxServer'
[2022.05.26-18.33.26:718][  0]LogTargetPlatformManager: Display: Loaded TargetPlatform 'LinuxAArch64NoEditor'
[2022.05.26-18.33.26:732][  0]LogTargetPlatformManager: Display: Loaded TargetPlatform 'LinuxAArch64Client'
[2022.05.26-18.33.26:746][  0]LogTargetPlatformManager: Display: Loaded TargetPlatform 'LinuxAArch64Server'
[2022.05.26-18.33.26:781][  0]LogTargetPlatformManager: Display: Loaded TargetPlatform 'Lumin'
[2022.05.26-18.33.26:781][  0]LogTargetPlatformManager: Display: Loaded TargetPlatform 'LuminClient'
[2022.05.26-18.33.26:807][  0]LogTargetPlatformManager: Display: Loaded TargetPlatform 'MacNoEditor'
[2022.05.26-18.33.26:829][  0]LogTargetPlatformManager: Display: Loaded TargetPlatform 'Mac'
[2022.05.26-18.33.26:843][  0]LogTargetPlatformManager: Display: Loaded TargetPlatform 'MacClient'
[2022.05.26-18.33.26:856][  0]LogTargetPlatformManager: Display: Loaded TargetPlatform 'MacServer'
[2022.05.26-18.33.26:876][  0]LogTargetPlatformManager: Display: Loaded TargetPlatform 'TVOSClient'
[2022.05.26-18.33.26:876][  0]LogTargetPlatformManager: Display: Loaded TargetPlatform 'TVOS'
[2022.05.26-18.33.26:894][  0]LogTargetPlatformManager: Display: Loaded TargetPlatform 'WindowsNoEditor'
[2022.05.26-18.33.26:907][  0]LogTargetPlatformManager: Display: Loaded TargetPlatform 'Windows'
[2022.05.26-18.33.26:921][  0]LogTargetPlatformManager: Display: Loaded TargetPlatform 'WindowsClient'
[2022.05.26-18.33.26:934][  0]LogTargetPlatformManager: Display: Loaded TargetPlatform 'WindowsServer'
[2022.05.26-18.33.26:934][  0]LogTargetPlatformManager: Display: Building Assets For Windows
[2022.05.26-18.33.27:002][  0]LogAudioDebug: Display: Lib vorbis DLL was dynamically loaded.
[2022.05.26-18.33.27:184][  0]LogTextureFormatOodle: Display: Oodle Texture 2.9.0 init RDO Off
[2022.05.26-18.33.27:439][  0]LogRendererCore: Ray tracing is disabled. Reason: r.RayTracing=0.
[2022.05.26-18.33.27:441][  0]LogShaderCompilers: Guid format shader working directory is -20 characters bigger than the processId version (../../../../../../Users/Lenovo/Documents/Unreal Projects/MyProject5/Intermediate/Shaders/WorkingDirectory/5872/).
[2022.05.26-18.33.27:441][  0]LogShaderCompilers: Cleaned the shader compiler working directory 'C:/Users/Lenovo/AppData/Local/Temp/UnrealShaderWorkingDir/C20416EC4DDA7AD616FBDCB1AC5FF940/'.
[2022.05.26-18.33.27:442][  0]LogXGEController: Cannot use XGE Controller as Incredibuild is not installed on this machine.
[2022.05.26-18.33.27:443][  0]LogShaderCompilers: Cannot use XGE Shader Compiler as Incredibuild is not installed on this machine.
[2022.05.26-18.33.27:443][  0]LogShaderCompilers: Display: Using Local Shader Compiler.
[2022.05.26-18.33.30:867][  0]LogDerivedDataCache: Display: Max Cache Size: 512 MB
[2022.05.26-18.33.30:982][  0]LogDerivedDataCache: Loaded boot cache 0.11s 94MB C:/Users/Lenovo/AppData/Local/UnrealEngine/4.27/DerivedDataCache/Boot.ddc.
[2022.05.26-18.33.30:982][  0]LogDerivedDataCache: Display: Loaded Boot cache: C:/Users/Lenovo/AppData/Local/UnrealEngine/4.27/DerivedDataCache/Boot.ddc
[2022.05.26-18.33.30:982][  0]LogDerivedDataCache: FDerivedDataBackendGraph:  Pak pak cache file ../../../../../../Users/Lenovo/Documents/Unreal Projects/MyProject5/DerivedDataCache/DDC.ddp not found, will not use a pak cache.
[2022.05.26-18.33.30:982][  0]LogDerivedDataCache: Unable to find inner node Pak for hierarchical cache Hierarchy.
[2022.05.26-18.33.30:982][  0]LogDerivedDataCache: FDerivedDataBackendGraph:  CompressedPak pak cache file ../../../../../../Users/Lenovo/Documents/Unreal Projects/MyProject5/DerivedDataCache/Compressed.ddp not found, will not use a pak cache.
[2022.05.26-18.33.30:982][  0]LogDerivedDataCache: Unable to find inner node CompressedPak for hierarchical cache Hierarchy.
[2022.05.26-18.33.31:003][  0]LogDerivedDataCache: Display: Pak cache opened for reading ../../../Engine/DerivedDataCache/Compressed.ddp.
[2022.05.26-18.33.31:004][  0]LogDerivedDataCache: FDerivedDataBackendGraph:  EnterprisePak pak cache file ../../../Enterprise/DerivedDataCache/Compressed.ddp not found, will not use a pak cache.
[2022.05.26-18.33.31:004][  0]LogDerivedDataCache: Unable to find inner node EnterprisePak for hierarchical cache Hierarchy.
[2022.05.26-18.33.31:043][  0]LogDerivedDataCache: Speed tests for C:/Users/Lenovo/AppData/Local/UnrealEngine/Common/DerivedDataCache took 0.04 seconds
[2022.05.26-18.33.31:043][  0]LogDerivedDataCache: Display: Performance to C:/Users/Lenovo/AppData/Local/UnrealEngine/Common/DerivedDataCache: Latency=0.23ms. RandomReadSpeed=28.36MBs, RandomWriteSpeed=226.26MBs. Assigned SpeedClass 'Local'
[2022.05.26-18.33.31:044][  0]LogDerivedDataCache: Using Local data cache path C:/Users/Lenovo/AppData/Local/UnrealEngine/Common/DerivedDataCache: Writable
[2022.05.26-18.33.31:044][  0]LogDerivedDataCache: Shared data cache path not found in *engine.ini, will not use an Shared cache.
[2022.05.26-18.33.31:044][  0]LogDerivedDataCache: Unable to find inner node Shared for hierarchical cache Hierarchy.
[2022.05.26-18.33.31:094][  0]LogSlate: Using FreeType 2.10.0
[2022.05.26-18.33.31:103][  0]LogSlate: SlateFontServices - WITH_FREETYPE: 1, WITH_HARFBUZZ: 1
[2022.05.26-18.33.31:258][  0]LogAssetRegistry: FAssetRegistry took 0.0040 seconds to start up
[2022.05.26-18.33.31:602][  0]LogInit: Selected Device Profile: [Windows]
[2022.05.26-18.33.31:602][  0]LogInit: Active device profile: [00000163CAB30B00][00000163C968F5C0 49] Windows
[2022.05.26-18.33.31:602][  0]LogInit: Profiles: [00000163CAB30B00][00000163C968F5C0 49] Windows, [00000163CAAE2100][00000163C9697740 49] WindowsNoEditor, [00000163CAB31900][00000163C969B8C0 49] WindowsServer, [00000163CAAE2E00][00000163C969FA40 49] WindowsClient, [00000163CAB33C00][00000163C96A3BC0 49] IOS, [00000163CAAE0F00][00000163C96A61C0 49] iPadAir, [00000163CAB33E00][00000163C96AA340 49] iPadAir2, [00000163CAA84E00][00000163C96B2600 49] IPadPro, [00000163CAA84F00][00000163C96AE640 49] iPadAir3, [00000163CAAE3B00][00000163C96B67C0 49] iPadAir4, [00000163CAA87800][00000163C96BA940 49] iPadMini2, [00000163CAAE2F00][00000163C9692A80 49] iPadMini3, [00000163CAA87A00][00000163C96BEBC0 49] iPadMini4, [00000163CAAE3800][00000163C96C2D00 49] iPadMini5, [00000163CAAA8600][00000163CA152FC0 49] iPhone6, [00000163CAAA8700][00000163C96CB000 49] iPodTouch6, [00000163CAB32800][00000163CA15B2C0 49] iPhone7, [00000163CAB32600][00000163CA157300 49] iPodTouch7, [00000163CAAA8100][00000163CA15F480 49] iPhone5S, [00000163CAA84700][00000163CA163600 49] iPhone6Plus, [00000163CAAAA500][00000163CA167780 49] iPhone6S, [00000163CAA85300][00000163CA16B900 49] iPhone6SPlus, [00000163CAAABB00][00000163CA16FA80 49] iPhone7Plus, [00000163CAA87700][00000163CA173C00 49] iPhoneSE, [00000163CAB32B00][00000163CA176200 49] iPhone8, [00000163CAA84600][00000163CA17A380 49] iPhone8Plus, [00000163CAB32100][00000163CA17E500 49] iPhoneX, [00000163CAA86900][00000163CA182680 49] iPhoneXS, [00000163CAB33700][00000163CA186800 49] iPhoneXSMax, [00000163CAA86F00][00000163CA18A980 49] iPhoneXR, [00000163CAB33B00][00000163CA18EB00 49] iPhone11, [00000163CAA85E00][00000163C96C6C40 49] iPhone11Pro, [00000163CAB30700][00000163CA192D80 49] iPhone11ProMax, [00000163CAA86000][00000163CA196EC0 49] iPhoneSE2, [00000163CAB33A00][00000163CA19F040 49] iPhone12Mini, [00000163CAA86100][00000163CA1A31C0 49] iPhone12, [00000163CAB30600][00000163CA1A7340 49] iPhone12Pro, [00000163CAA87400][00000163CA1AB4C0 49] iPhone12ProMax, [00000163CAB30800][00000163CA1AF640 49] iPadPro105, [00000163CAA85900][00000163CA1B37C0 49] iPadPro129, [00000163CAB33F00][00000163CA1B7940 49] iPadPro97, [00000163CAA87C00][00000163CA1BBAC0 49] iPadPro2_129, [00000163CAB33900][00000163CA1BE0C0 49] iPad5, [00000163CAA84300][00000163CA1C2240 49] iPad6, [00000163CAB31B00][00000163CA1C63C0 49] iPad7, [00000163CAA87600][00000163CA1CA540 49] iPad8, [00000163CAB31600][00000163CA1CE6C0 49] iPadPro11, [00000163CAA86D00][00000163CA1D2840 49] iPadPro2_11, [00000163CAB31A00][00000163CA1D69C0 49] iPadPro3_129, [00000163CAA86E00][00000163CA1DAB40 49] iPadPro4_129, [00000163CAB30500][00000163CA1DECC0 49] AppleTV, [00000163CAA87000][00000163CA19AE00 49] AppleTV4K, [00000163CAB31C00][00000163CA1E2F40 49] TVOS, [00000163CAA84800][00000163CA1E7080 49] Mac, [00000163CAB32500][00000163CA1EB1C0 49] MacClient, [00000163CAA86C00][00000163CA1F3340 49] MacNoEditor, [00000163CAB33500][00000163CA1F74C0 49] MacServer, [00000163CAA84A00][00000163CA1FB640 49] Linux, [00000163CAB30400][00000163CA1FF7C0 49] LinuxAArch64, [00000163CAA85A00][00000163CA203940 49] LinuxNoEditor, [00000163CAB31D00][00000163CA207AC0 49] LinuxAArch64NoEditor, [00000163CAA86700][00000163CA20A0C0 49] LinuxClient, [00000163CAB31400][00000163CA20E240 49] LinuxAArch64Client, [00000163CAA86800][00000163CA2123C0 49] LinuxServer, [00000163CAB32F00][00000163CA216540 49] LinuxAArch64Server, [00000163CAA85700][00000163CA21A6C0 49] Android, [00000163CAB33D00][00000163CA21E840 49] Android_Low, [00000163CAA84B00][00000163CA2229C0 49] Android_Mid, [00000163CAB32200][00000163CA226B40 49] Android_High, [00000163CAA84C00][00000163CA22ACC0 49] Android_Default, [00000163CAB31300][00000163CA22EE40 49] Android_Adreno4xx, [00000163CAAE2300][00000163CA1EEF80 49] Android_Adreno5xx_Low, [00000163CAAA9C00][00000163CA2330C0 49] Android_Adreno5xx, [00000163CAAE2600][00000163CA237200 49] Android_Adreno6xx, [00000163CAAAA000][00000163CA23B340 49] Android_Adreno6xx_Vulkan, [00000163CAAE0400][00000163CA2434C0 49] Android_Mali_T6xx, [00000163CAAA8F00][00000163CA247640 49] Android_Mali_T7xx, [00000163CAAE1C00][00000163CA24B7C0 49] Android_Mali_T8xx, [00000163CAAA9F00][00000163CA24F940 49] Android_Mali_G71, [00000163CAAE2800][00000163CA253AC0 49] Android_Mali_G72, [00000163CAAAB300][00000163CA2560C0 49] Android_Mali_G72_Vulkan, [00000163CAAE3E00][00000163CA25A240 49] Android_Mali_G76, [00000163CAAAA200][00000163CA25E3C0 49] Android_Mali_G76_Vulkan, [00000163CAAE1E00][00000163CA262540 49] Android_Mali_G77, [00000163CAAA8900][00000163CA2666C0 49] Android_Mali_G77_Vulkan, [00000163CAAE3F00][00000163CA26A840 49] Android_Mali_G78, [00000163CAAA9300][00000163CA26E9C0 49] Android_Mali_G78_Vulkan, [00000163CAAE3400][00000163CA272B40 49] Android_Mali_G710, [00000163CAAABE00][00000163CA276CC0 49] Android_Mali_G710_Vulkan, [00000163CAAE0700][00000163CA27AE40 49] Android_Vulkan_SM5, [00000163CAAABF00][00000163CA27EFC0 49] Android_PowerVR_G6xxx, [00000163CAAE1F00][00000163CA283140 49] Android_PowerVR_GT7xxx, [00000163CAAAAB00][00000163CA23F280 49] Android_PowerVR_GE8xxx, [00000163CAAE3700][00000163CA2873C0 49] Android_PowerVR_GM9xxx, [00000163CAAAA800][00000163CA28B500 49] Android_PowerVR_GM9xxx_Vulkan, [00000163CAAE1500][00000163CA293680 49] Android_TegraK1, [00000163CAAA9700][00000163CA297800 49] Android_Unknown_Vulkan, [00000163CAAE2C00][00000163CA29B980 49] Lumin, [00000163CAAABD00][00000163CA29FB00 49] Lumin_Desktop, [00000163CAAE0E00][00000163CA2A2100 49] HoloLens, 
[2022.05.26-18.33.32:055][  0]LogMeshReduction: Using QuadricMeshReduction for automatic static mesh reduction
[2022.05.26-18.33.32:055][  0]LogMeshReduction: Using SimplygonMeshReduction for automatic skeletal mesh reduction
[2022.05.26-18.33.32:055][  0]LogMeshReduction: Using ProxyLODMeshReduction for automatic mesh merging
[2022.05.26-18.33.32:055][  0]LogMeshReduction: No distributed automatic mesh merging module available
[2022.05.26-18.33.32:055][  0]LogMeshMerging: No distributed automatic mesh merging module available
[2022.05.26-18.33.32:117][  0]LogNetVersion: MyProject5 1.0.0, NetCL: 17155196, EngineNetVer: 17, GameNetVer: 0 (Checksum: 2019009335)
[2022.05.26-18.33.34:095][  0]LogTexture: Default maximum texture size for cubemaps generated from long-lat sources has been changed from 512 to unlimited. In order to preserve old behaiour for '/Engine/MapTemplates/Sky/DaylightAmbientCubemap.DaylightAmbientCubemap', its maximum texture size has been explicitly set to 512.
[2022.05.26-18.33.34:196][  0]LogHMD: PokeAHoleMaterial loaded successfully
[2022.05.26-18.33.34:204][  0]LogUObjectArray: 17178 objects as part of root set at end of initial load.
[2022.05.26-18.33.34:204][  0]LogUObjectAllocator: 4302048 out of 0 bytes used by permanent object pool.
[2022.05.26-18.33.34:204][  0]LogUObjectArray: CloseDisregardForGC: 0/0 objects in disregard for GC pool
[2022.05.26-18.33.35:021][  0]LogNiagaraDebuggerClient: Niagara Debugger Client Initialized | Session: 3AFE74354FF45D0A74B89386A7143FCC | Instance: 15824A514DB0C1CC5C6A61901DE31434 (DESKTOP-8DQP6HV-5872).
[2022.05.26-18.33.36:046][  0]LogTcpMessaging: Initializing TcpMessaging bridge
[2022.05.26-18.33.36:062][  0]LogUdpMessaging: Initializing bridge on interface 0.0.0.0:0 to multicast group 230.0.0.1:6666.
[2022.05.26-18.33.36:110][  0]LogPython: Using Python 3.7.7
[2022.05.26-18.33.37:712][  0]SourceControl: Source control is disabled
[2022.05.26-18.33.37:712][  0]SourceControl: Source control is disabled
[2022.05.26-18.33.37:766][  0]SourceControl: Source control is disabled
[2022.05.26-18.33.37:783][  0]SourceControl: Source control is disabled
[2022.05.26-18.33.37:817][  0]SourceControl: Source control is disabled
[2022.05.26-18.33.37:846][  0]LogUProjectInfo: Found projects:
[2022.05.26-18.33.38:627][  0]LogOpenImageDenoise: OIDN starting up
[2022.05.26-18.33.38:722][  0]LogAndroidPermission: UAndroidPermissionCallbackProxy::GetInstance
[2022.05.26-18.33.38:822][  0]LogAudioCaptureCore: Display: No Audio Capture implementations found. Audio input will be silent.
[2022.05.26-18.33.38:822][  0]LogAudioCaptureCore: Display: No Audio Capture implementations found. Audio input will be silent.
[2022.05.26-18.33.39:264][  0]LogCollectionManager: Loaded 0 collections in 0.001903 seconds
[2022.05.26-18.33.39:357][  0]LogFileCache: Scanning file cache for directory 'C:/Users/Lenovo/Documents/Unreal Projects/MyProject5/Saved/Collections/' took 0.00s
[2022.05.26-18.33.39:357][  0]LogFileCache: Scanning file cache for directory 'C:/Users/Lenovo/Documents/Unreal Projects/MyProject5/Content/Developers/Lenovo/Collections/' took 0.00s
[2022.05.26-18.33.39:357][  0]LogFileCache: Scanning file cache for directory 'C:/Users/Lenovo/Documents/Unreal Projects/MyProject5/Content/Collections/' took 0.00s
[2022.05.26-18.33.39:357][  0]LogOcInput: OculusInput pre-init called
[2022.05.26-18.33.39:824][  0]LogEngine: Initializing Engine...
[2022.05.26-18.33.39:848][  0]LogHMD: Failed to enumerate extensions. Please check that you have a valid OpenXR runtime installed.
[2022.05.26-18.33.39:849][  0]LogHMD: Failed to initialize OpenVR with code 110
[2022.05.26-18.33.39:849][  0]LogMagicLeap: Warning: VR disabled because ZI is not enabled.  To enable, in the editor, Edit -> Project Settings -> Plugins -> Magic Leap Plugin -> Enable Zero Iteration
[2022.05.26-18.33.39:852][  0]LogStats: UGameplayTagsManager::InitializeManager -  0.001 s
[2022.05.26-18.33.40:133][  0]LogInit: Initializing FReadOnlyCVARCache
[2022.05.26-18.33.40:200][  0]LogAIModule: Creating AISystem for world Untitled
[2022.05.26-18.33.40:212][  0]LogAudio: Display: Initializing Audio Device Manager...
[2022.05.26-18.33.40:233][  0]LogAudio: Display: Loading Default Audio Settings Objects...
[2022.05.26-18.33.40:236][  0]LogAudio: Display: No default SoundConcurrencyObject specified (or failed to load).
[2022.05.26-18.33.40:239][  0]LogAudio: Display: Audio Device Manager Initialized
[2022.05.26-18.33.40:239][  0]LogAudio: Display: Creating Audio Device:                 Id: 1, Scope: Shared, Realtime: True
[2022.05.26-18.33.40:240][  0]LogAudioMixer: Display: Audio Mixer Platform Settings:
[2022.05.26-18.33.40:240][  0]LogAudioMixer: Display: 	Sample Rate:						  48000
[2022.05.26-18.33.40:240][  0]LogAudioMixer: Display: 	Callback Buffer Frame Size Requested: 1024
[2022.05.26-18.33.40:240][  0]LogAudioMixer: Display: 	Callback Buffer Frame Size To Use:	  1024
[2022.05.26-18.33.40:240][  0]LogAudioMixer: Display: 	Number of buffers to queue:			  2
[2022.05.26-18.33.40:240][  0]LogAudioMixer: Display: 	Max Channels (voices):				  32
[2022.05.26-18.33.40:240][  0]LogAudioMixer: Display: 	Number of Async Source Workers:		  0
[2022.05.26-18.33.40:240][  0]LogAudio: Display: AudioDevice MaxSources: 32
[2022.05.26-18.33.40:246][  0]LogAudio: Display: Audio Spatialization Plugin: None (built-in).
[2022.05.26-18.33.40:246][  0]LogAudio: Display: Audio Reverb Plugin: None (built-in).
[2022.05.26-18.33.40:246][  0]LogAudio: Display: Audio Occlusion Plugin: None (built-in).
[2022.05.26-18.33.40:247][  0]LogAudioMixer: Display: Initializing audio mixer.
[2022.05.26-18.33.40:316][  0]LogAudioMixer: Display: 0: FrontLeft
[2022.05.26-18.33.40:316][  0]LogAudioMixer: Display: 1: FrontRight
[2022.05.26-18.33.40:339][  0]LogAudioMixer: Display: Using Audio Device Динамики (Realtek(R) Audio)
[2022.05.26-18.33.40:342][  0]LogAudioMixer: Display: Initializing Sound Submixes...
[2022.05.26-18.33.40:358][  0]LogAudioMixer: Display: Creating Master Submix 'MasterSubmixDefault'
[2022.05.26-18.33.40:358][  0]LogAudioMixer: Display: Creating Master Submix 'MasterReverbSubmixDefault'
[2022.05.26-18.33.40:360][  0]LogAudioMixer: Display: Creating Master Submix 'MasterEQSubmixDefault'
[2022.05.26-18.33.40:361][  0]LogAudioMixer: FMixerPlatformXAudio2::StartAudioStream() called
[2022.05.26-18.33.40:361][  0]LogAudioMixer: Display: Output buffers initialized: Frames=1024, Channels=2, Samples=2048
[2022.05.26-18.33.40:362][  0]LogAudioMixer: Display: Starting AudioMixerPlatformInterface::RunInternal()
[2022.05.26-18.33.40:362][  0]LogAudioMixer: Display: FMixerPlatformXAudio2::SubmitBuffer() called for the first time
[2022.05.26-18.33.40:362][  0]LogInit: FAudioDevice initialized.
[2022.05.26-18.33.40:364][  0]LogAudio: Display: Audio Device (ID: 1) registered with world 'Untitled'.
[2022.05.26-18.33.40:365][  0]LogNetVersion: Set ProjectVersion to 1.0.0.0. Version Checksum will be recalculated on next use.
[2022.05.26-18.33.40:418][  0]LogDerivedDataCache: Saved boot cache 0.05s 94MB C:/Users/Lenovo/AppData/Local/UnrealEngine/4.27/DerivedDataCache/Boot.ddc.
[2022.05.26-18.33.40:421][  0]LogInit: Texture streaming: Enabled
[2022.05.26-18.33.40:499][  0]LogAnalytics: Display: [UEEditor.Rocket.Release] APIServer = https://datarouter.ol.epicgames.com/. AppVersion = 4.27.2-18319896+++UE4+Release-4.27
[2022.05.26-18.33.40:521][  0]LogEngineSessionManager: EngineSessionManager initialized
[2022.05.26-18.33.40:521][  0]LogEditorSessionSummary: Verbose: Initializing EditorSessionSummaryWriter for editor session tracking
[2022.05.26-18.33.40:526][  0]LogEditorSessionSummary: EditorSessionSummaryWriter initialized
[2022.05.26-18.33.40:601][  0]LogInit: Transaction tracking system initialized
[2022.05.26-18.33.40:723][  0]BlueprintLog: New page: Editor Load
[2022.05.26-18.33.41:139][  0]LocalizationService: Localization service is disabled
[2022.05.26-18.33.41:308][  0]TimingProfiler: Initialize
[2022.05.26-18.33.41:309][  0]TimingProfiler: OnSessionChanged
[2022.05.26-18.33.41:309][  0]LoadingProfiler: Initialize
[2022.05.26-18.33.41:310][  0]LoadingProfiler: OnSessionChanged
[2022.05.26-18.33.41:310][  0]NetworkingProfiler: Initialize
[2022.05.26-18.33.41:310][  0]NetworkingProfiler: OnSessionChanged
[2022.05.26-18.33.41:310][  0]MemoryProfiler: Initialize
[2022.05.26-18.33.41:310][  0]MemoryProfiler: OnSessionChanged
[2022.05.26-18.33.41:750][  0]LogCook: Display: CookSettings for Memory: MemoryMaxUsedVirtual 0MiB, MemoryMaxUsedPhysical 16384MiB, MemoryMinFreeVirtual 0MiB, MemoryMinFreePhysical 1024MiB
[2022.05.26-18.33.41:750][  0]LogCook: Display: Mobile HDR setting 1
[2022.05.26-18.33.42:501][  0]LogFileCache: Scanning file cache for directory 'C:/Users/Lenovo/Documents/Unreal Projects/MyProject5/Content/' took 0.01s
[2022.05.26-18.33.42:735][  0]LogInit: Display: Engine is initialized. Leaving FEngineLoop::Init()
[2022.05.26-18.33.42:748][  0]SourceControl: Source control is disabled
[2022.05.26-18.33.42:750][  0]LogUnrealEdMisc: Loading editor; pre map load, took 24.659
[2022.05.26-18.33.42:752][  0]Cmd: MAP LOAD FILE="../../../../../../Users/Lenovo/Documents/Unreal Projects/MyProject5/Content/FirstPersonBP/Maps/FirstPersonExampleMap.umap" TEMPLATE=0 SHOWPROGRESS=1 FEATURELEVEL=3
[2022.05.26-18.33.42:756][  0]LightingResults: New page: Lighting Build
[2022.05.26-18.33.42:769][  0]LogWorld: UWorld::CleanupWorld for Untitled, bSessionEnded=true, bCleanupResources=true
[2022.05.26-18.33.42:771][  0]LogSlate: InvalidateAllWidgets triggered.  All widgets were invalidated
[2022.05.26-18.33.42:773][  0]MapCheck: New page: Map Check
[2022.05.26-18.33.42:773][  0]LightingResults: New page: Lighting Build
[2022.05.26-18.33.42:786][  0]LogAudio: Display: Audio Device unregistered from world 'None'.
[2022.05.26-18.33.42:805][  0]LogUObjectHash: Compacting FUObjectHashTables data took   0.92ms
[2022.05.26-18.33.43:280][  0]LogTexture: Display: Building textures: DeprecatedTexture4E9A31EC459F824B7293D9A5960F381F (BGRA8, 128X128)
[2022.05.26-18.33.43:380][  0]LogAudio: Display: Audio Device (ID: 1) registered with world 'FirstPersonExampleMap'.
[2022.05.26-18.33.43:380][  0]LogAIModule: Creating AISystem for world FirstPersonExampleMap
[2022.05.26-18.33.43:433][  0]LogEditorServer: Finished looking for orphan Actors (0.000 secs)
[2022.05.26-18.33.43:450][  0]LogUObjectHash: Compacting FUObjectHashTables data took   0.85ms
[2022.05.26-18.33.43:451][  0]Cmd: MAP CHECKDEP NOCLEARLOG
[2022.05.26-18.33.43:452][  0]MapCheck: Map check complete: 0 Error(s), 0 Warning(s), took 0.255ms to complete.
[2022.05.26-18.33.43:452][  0]LogFileHelpers: Loading map 'FirstPersonExampleMap' took 0.702
[2022.05.26-18.33.43:470][  0]LogUnrealEdMisc: Total Editor Startup Time, took 25.379
[2022.05.26-18.33.43:678][  0]LogSlate: Updating window title bar state: overlay mode, drag disabled, window buttons hidden, title bar hidden
[2022.05.26-18.33.43:685][  0]LogSlate: Updating window title bar state: overlay mode, drag disabled, window buttons hidden, title bar hidden
[2022.05.26-18.33.43:691][  0]LogSlate: Updating window title bar state: overlay mode, drag disabled, window buttons hidden, title bar hidden
[2022.05.26-18.33.43:697][  0]LogSlate: Updating window title bar state: overlay mode, drag disabled, window buttons hidden, title bar hidden
[2022.05.26-18.33.43:742][  0]LogNativeClassHierarchy: Verbose: Native class hierarchy populated in 0.0089 seconds. Added 3822 classes and 928 folders.
[2022.05.26-18.33.43:751][  0]LogNativeClassHierarchy: Verbose: Native class hierarchy updated for 'WidgetCarousel' in 0.0003 seconds. Added 0 classes and 0 folders.
[2022.05.26-18.33.43:765][  0]LogPakFile: PakFile PrimaryIndexSize=187
[2022.05.26-18.33.43:765][  0]LogPakFile: PakFile PathHashIndexSize=101
[2022.05.26-18.33.43:765][  0]LogPakFile: PakFile FullDirectoryIndexSize=148
[2022.05.26-18.33.43:766][  0]LogShaderLibrary: Display: ShaderCodeLibraryPakFileMountedCallback: PakFile 'C:/Program Files/Epic Games/UE_4.27/FeaturePacks/FP_FirstPerson.upack' (chunk index -1, root 'root:/') mounted
[2022.05.26-18.33.43:766][  0]LogShaderLibrary: Display: ShaderCodeLibraryPakFileMountedCallback: pending pak file info (ChunkID:-1 Root:root:/ File:C:/Program Files/Epic Games/UE_4.27/FeaturePacks/FP_FirstPerson.upack)
[2022.05.26-18.33.43:766][  0]LogPakFile: OnPakFileMounted2Time == 0.001945
[2022.05.26-18.33.43:773][  0]LogPakFile: PakFile PrimaryIndexSize=189
[2022.05.26-18.33.43:773][  0]LogPakFile: PakFile PathHashIndexSize=101
[2022.05.26-18.33.43:773][  0]LogPakFile: PakFile FullDirectoryIndexSize=152
[2022.05.26-18.33.43:773][  0]LogShaderLibrary: Display: ShaderCodeLibraryPakFileMountedCallback: PakFile 'C:/Program Files/Epic Games/UE_4.27/FeaturePacks/FP_FirstPersonBP.upack' (chunk index -1, root 'root:/') mounted
[2022.05.26-18.33.43:773][  0]LogShaderLibrary: Display: ShaderCodeLibraryPakFileMountedCallback: pending pak file info (ChunkID:-1 Root:root:/ File:C:/Program Files/Epic Games/UE_4.27/FeaturePacks/FP_FirstPersonBP.upack)
[2022.05.26-18.33.43:773][  0]LogPakFile: OnPakFileMounted2Time == 0.000046
[2022.05.26-18.33.43:778][  0]LogPakFile: PakFile PrimaryIndexSize=191
[2022.05.26-18.33.43:778][  0]LogPakFile: PakFile PathHashIndexSize=101
[2022.05.26-18.33.43:778][  0]LogPakFile: PakFile FullDirectoryIndexSize=160
[2022.05.26-18.33.43:778][  0]LogShaderLibrary: Display: ShaderCodeLibraryPakFileMountedCallback: PakFile 'C:/Program Files/Epic Games/UE_4.27/FeaturePacks/MobileStarterContent.upack' (chunk index -1, root 'root:/') mounted
[2022.05.26-18.33.43:778][  0]LogShaderLibrary: Display: ShaderCodeLibraryPakFileMountedCallback: pending pak file info (ChunkID:-1 Root:root:/ File:C:/Program Files/Epic Games/UE_4.27/FeaturePacks/MobileStarterContent.upack)
[2022.05.26-18.33.43:778][  0]LogPakFile: OnPakFileMounted2Time == 0.000039
[2022.05.26-18.33.43:781][  0]LogPakFile: PakFile PrimaryIndexSize=185
[2022.05.26-18.33.43:781][  0]LogPakFile: PakFile PathHashIndexSize=101
[2022.05.26-18.33.43:781][  0]LogPakFile: PakFile FullDirectoryIndexSize=148
[2022.05.26-18.33.43:781][  0]LogShaderLibrary: Display: ShaderCodeLibraryPakFileMountedCallback: PakFile 'C:/Program Files/Epic Games/UE_4.27/FeaturePacks/StarterContent.upack' (chunk index -1, root 'root:/') mounted
[2022.05.26-18.33.43:781][  0]LogShaderLibrary: Display: ShaderCodeLibraryPakFileMountedCallback: pending pak file info (ChunkID:-1 Root:root:/ File:C:/Program Files/Epic Games/UE_4.27/FeaturePacks/StarterContent.upack)
[2022.05.26-18.33.43:781][  0]LogPakFile: OnPakFileMounted2Time == 0.000042
[2022.05.26-18.33.43:784][  0]LogPakFile: PakFile PrimaryIndexSize=190
[2022.05.26-18.33.43:784][  0]LogPakFile: PakFile PathHashIndexSize=101
[2022.05.26-18.33.43:784][  0]LogPakFile: PakFile FullDirectoryIndexSize=154
[2022.05.26-18.33.43:784][  0]LogShaderLibrary: Display: ShaderCodeLibraryPakFileMountedCallback: PakFile 'C:/Program Files/Epic Games/UE_4.27/FeaturePacks/TP_2DSideScroller.upack' (chunk index -1, root 'root:/') mounted
[2022.05.26-18.33.43:784][  0]LogShaderLibrary: Display: ShaderCodeLibraryPakFileMountedCallback: pending pak file info (ChunkID:-1 Root:root:/ File:C:/Program Files/Epic Games/UE_4.27/FeaturePacks/TP_2DSideScroller.upack)
[2022.05.26-18.33.43:784][  0]LogPakFile: OnPakFileMounted2Time == 0.000044
[2022.05.26-18.33.43:787][  0]LogPakFile: PakFile PrimaryIndexSize=192
[2022.05.26-18.33.43:787][  0]LogPakFile: PakFile PathHashIndexSize=101
[2022.05.26-18.33.43:787][  0]LogPakFile: PakFile FullDirectoryIndexSize=158
[2022.05.26-18.33.43:787][  0]LogShaderLibrary: Display: ShaderCodeLibraryPakFileMountedCallback: PakFile 'C:/Program Files/Epic Games/UE_4.27/FeaturePacks/TP_2DSideScrollerBP.upack' (chunk index -1, root 'root:/') mounted
[2022.05.26-18.33.43:787][  0]LogShaderLibrary: Display: ShaderCodeLibraryPakFileMountedCallback: pending pak file info (ChunkID:-1 Root:root:/ File:C:/Program Files/Epic Games/UE_4.27/FeaturePacks/TP_2DSideScrollerBP.upack)
[2022.05.26-18.33.43:787][  0]LogPakFile: OnPakFileMounted2Time == 0.000038
[2022.05.26-18.33.43:791][  0]LogPakFile: PakFile PrimaryIndexSize=182
[2022.05.26-18.33.43:791][  0]LogPakFile: PakFile PathHashIndexSize=101
[2022.05.26-18.33.43:791][  0]LogPakFile: PakFile FullDirectoryIndexSize=138
[2022.05.26-18.33.43:791][  0]LogShaderLibrary: Display: ShaderCodeLibraryPakFileMountedCallback: PakFile 'C:/Program Files/Epic Games/UE_4.27/FeaturePacks/TP_Flying.upack' (chunk index -1, root 'root:/') mounted
[2022.05.26-18.33.43:791][  0]LogShaderLibrary: Display: ShaderCodeLibraryPakFileMountedCallback: pending pak file info (ChunkID:-1 Root:root:/ File:C:/Program Files/Epic Games/UE_4.27/FeaturePacks/TP_Flying.upack)
[2022.05.26-18.33.43:791][  0]LogPakFile: OnPakFileMounted2Time == 0.000045
[2022.05.26-18.33.43:795][  0]LogPakFile: PakFile PrimaryIndexSize=184
[2022.05.26-18.33.43:795][  0]LogPakFile: PakFile PathHashIndexSize=101
[2022.05.26-18.33.43:795][  0]LogPakFile: PakFile FullDirectoryIndexSize=142
[2022.05.26-18.33.43:795][  0]LogShaderLibrary: Display: ShaderCodeLibraryPakFileMountedCallback: PakFile 'C:/Program Files/Epic Games/UE_4.27/FeaturePacks/TP_FlyingBP.upack' (chunk index -1, root 'root:/') mounted
[2022.05.26-18.33.43:795][  0]LogShaderLibrary: Display: ShaderCodeLibraryPakFileMountedCallback: pending pak file info (ChunkID:-1 Root:root:/ File:C:/Program Files/Epic Games/UE_4.27/FeaturePacks/TP_FlyingBP.upack)
[2022.05.26-18.33.43:795][  0]LogPakFile: OnPakFileMounted2Time == 0.000041
[2022.05.26-18.33.43:799][  0]LogPakFile: PakFile PrimaryIndexSize=188
[2022.05.26-18.33.43:799][  0]LogPakFile: PakFile PathHashIndexSize=101
[2022.05.26-18.33.43:799][  0]LogPakFile: PakFile FullDirectoryIndexSize=150
[2022.05.26-18.33.43:799][  0]LogShaderLibrary: Display: ShaderCodeLibraryPakFileMountedCallback: PakFile 'C:/Program Files/Epic Games/UE_4.27/FeaturePacks/TP_HandheldARBP.upack' (chunk index -1, root 'root:/') mounted
[2022.05.26-18.33.43:799][  0]LogShaderLibrary: Display: ShaderCodeLibraryPakFileMountedCallback: pending pak file info (ChunkID:-1 Root:root:/ File:C:/Program Files/Epic Games/UE_4.27/FeaturePacks/TP_HandheldARBP.upack)
[2022.05.26-18.33.43:799][  0]LogPakFile: OnPakFileMounted2Time == 0.000035
[2022.05.26-18.33.43:803][  0]LogPakFile: PakFile PrimaryIndexSize=182
[2022.05.26-18.33.43:803][  0]LogPakFile: PakFile PathHashIndexSize=101
[2022.05.26-18.33.43:803][  0]LogPakFile: PakFile FullDirectoryIndexSize=138
[2022.05.26-18.33.43:803][  0]LogShaderLibrary: Display: ShaderCodeLibraryPakFileMountedCallback: PakFile 'C:/Program Files/Epic Games/UE_4.27/FeaturePacks/TP_Puzzle.upack' (chunk index -1, root 'root:/') mounted
[2022.05.26-18.33.43:803][  0]LogShaderLibrary: Display: ShaderCodeLibraryPakFileMountedCallback: pending pak file info (ChunkID:-1 Root:root:/ File:C:/Program Files/Epic Games/UE_4.27/FeaturePacks/TP_Puzzle.upack)
[2022.05.26-18.33.43:803][  0]LogPakFile: OnPakFileMounted2Time == 0.000039
[2022.05.26-18.33.43:805][  0]LogPakFile: PakFile PrimaryIndexSize=184
[2022.05.26-18.33.43:806][  0]LogPakFile: PakFile PathHashIndexSize=101
[2022.05.26-18.33.43:806][  0]LogPakFile: PakFile FullDirectoryIndexSize=142
[2022.05.26-18.33.43:806][  0]LogShaderLibrary: Display: ShaderCodeLibraryPakFileMountedCallback: PakFile 'C:/Program Files/Epic Games/UE_4.27/FeaturePacks/TP_PuzzleBP.upack' (chunk index -1, root 'root:/') mounted
[2022.05.26-18.33.43:806][  0]LogShaderLibrary: Display: ShaderCodeLibraryPakFileMountedCallback: pending pak file info (ChunkID:-1 Root:root:/ File:C:/Program Files/Epic Games/UE_4.27/FeaturePacks/TP_PuzzleBP.upack)
[2022.05.26-18.33.43:806][  0]LogPakFile: OnPakFileMounted2Time == 0.000039
[2022.05.26-18.33.43:809][  0]LogPakFile: PakFile PrimaryIndexSize=183
[2022.05.26-18.33.43:809][  0]LogPakFile: PakFile PathHashIndexSize=101
[2022.05.26-18.33.43:809][  0]LogPakFile: PakFile FullDirectoryIndexSize=140
[2022.05.26-18.33.43:809][  0]LogShaderLibrary: Display: ShaderCodeLibraryPakFileMountedCallback: PakFile 'C:/Program Files/Epic Games/UE_4.27/FeaturePacks/TP_Rolling.upack' (chunk index -1, root 'root:/') mounted
[2022.05.26-18.33.43:809][  0]LogShaderLibrary: Display: ShaderCodeLibraryPakFileMountedCallback: pending pak file info (ChunkID:-1 Root:root:/ File:C:/Program Files/Epic Games/UE_4.27/FeaturePacks/TP_Rolling.upack)
[2022.05.26-18.33.43:809][  0]LogPakFile: OnPakFileMounted2Time == 0.000042
[2022.05.26-18.33.43:811][  0]LogPakFile: PakFile PrimaryIndexSize=185
[2022.05.26-18.33.43:811][  0]LogPakFile: PakFile PathHashIndexSize=101
[2022.05.26-18.33.43:811][  0]LogPakFile: PakFile FullDirectoryIndexSize=144
[2022.05.26-18.33.43:811][  0]LogShaderLibrary: Display: ShaderCodeLibraryPakFileMountedCallback: PakFile 'C:/Program Files/Epic Games/UE_4.27/FeaturePacks/TP_RollingBP.upack' (chunk index -1, root 'root:/') mounted
[2022.05.26-18.33.43:811][  0]LogShaderLibrary: Display: ShaderCodeLibraryPakFileMountedCallback: pending pak file info (ChunkID:-1 Root:root:/ File:C:/Program Files/Epic Games/UE_4.27/FeaturePacks/TP_RollingBP.upack)
[2022.05.26-18.33.43:811][  0]LogPakFile: OnPakFileMounted2Time == 0.000040
[2022.05.26-18.33.43:814][  0]LogPakFile: PakFile PrimaryIndexSize=188
[2022.05.26-18.33.43:814][  0]LogPakFile: PakFile PathHashIndexSize=101
[2022.05.26-18.33.43:814][  0]LogPakFile: PakFile FullDirectoryIndexSize=150
[2022.05.26-18.33.43:814][  0]LogShaderLibrary: Display: ShaderCodeLibraryPakFileMountedCallback: PakFile 'C:/Program Files/Epic Games/UE_4.27/FeaturePacks/TP_SideScroller.upack' (chunk index -1, root 'root:/') mounted
[2022.05.26-18.33.43:814][  0]LogShaderLibrary: Display: ShaderCodeLibraryPakFileMountedCallback: pending pak file info (ChunkID:-1 Root:root:/ File:C:/Program Files/Epic Games/UE_4.27/FeaturePacks/TP_SideScroller.upack)
[2022.05.26-18.33.43:814][  0]LogPakFile: OnPakFileMounted2Time == 0.000041
[2022.05.26-18.33.43:819][  0]LogPakFile: PakFile PrimaryIndexSize=190
[2022.05.26-18.33.43:819][  0]LogPakFile: PakFile PathHashIndexSize=101
[2022.05.26-18.33.43:819][  0]LogPakFile: PakFile FullDirectoryIndexSize=154
[2022.05.26-18.33.43:819][  0]LogShaderLibrary: Display: ShaderCodeLibraryPakFileMountedCallback: PakFile 'C:/Program Files/Epic Games/UE_4.27/FeaturePacks/TP_SideScrollerBP.upack' (chunk index -1, root 'root:/') mounted
[2022.05.26-18.33.43:819][  0]LogShaderLibrary: Display: ShaderCodeLibraryPakFileMountedCallback: pending pak file info (ChunkID:-1 Root:root:/ File:C:/Program Files/Epic Games/UE_4.27/FeaturePacks/TP_SideScrollerBP.upack)
[2022.05.26-18.33.43:819][  0]LogPakFile: OnPakFileMounted2Time == 0.000039
[2022.05.26-18.33.43:822][  0]LogPakFile: PakFile PrimaryIndexSize=187
[2022.05.26-18.33.43:822][  0]LogPakFile: PakFile PathHashIndexSize=101
[2022.05.26-18.33.43:822][  0]LogPakFile: PakFile FullDirectoryIndexSize=148
[2022.05.26-18.33.43:822][  0]LogShaderLibrary: Display: ShaderCodeLibraryPakFileMountedCallback: PakFile 'C:/Program Files/Epic Games/UE_4.27/FeaturePacks/TP_ThirdPerson.upack' (chunk index -1, root 'root:/') mounted
[2022.05.26-18.33.43:822][  0]LogShaderLibrary: Display: ShaderCodeLibraryPakFileMountedCallback: pending pak file info (ChunkID:-1 Root:root:/ File:C:/Program Files/Epic Games/UE_4.27/FeaturePacks/TP_ThirdPerson.upack)
[2022.05.26-18.33.43:822][  0]LogPakFile: OnPakFileMounted2Time == 0.000039
[2022.05.26-18.33.43:826][  0]LogPakFile: PakFile PrimaryIndexSize=189
[2022.05.26-18.33.43:826][  0]LogPakFile: PakFile PathHashIndexSize=101
[2022.05.26-18.33.43:826][  0]LogPakFile: PakFile FullDirectoryIndexSize=152
[2022.05.26-18.33.43:826][  0]LogShaderLibrary: Display: ShaderCodeLibraryPakFileMountedCallback: PakFile 'C:/Program Files/Epic Games/UE_4.27/FeaturePacks/TP_ThirdPersonBP.upack' (chunk index -1, root 'root:/') mounted
[2022.05.26-18.33.43:826][  0]LogShaderLibrary: Display: ShaderCodeLibraryPakFileMountedCallback: pending pak file info (ChunkID:-1 Root:root:/ File:C:/Program Files/Epic Games/UE_4.27/FeaturePacks/TP_ThirdPersonBP.upack)
[2022.05.26-18.33.43:826][  0]LogPakFile: OnPakFileMounted2Time == 0.000043
[2022.05.26-18.33.43:829][  0]LogPakFile: PakFile PrimaryIndexSize=183
[2022.05.26-18.33.43:829][  0]LogPakFile: PakFile PathHashIndexSize=101
[2022.05.26-18.33.43:829][  0]LogPakFile: PakFile FullDirectoryIndexSize=140
[2022.05.26-18.33.43:829][  0]LogShaderLibrary: Display: ShaderCodeLibraryPakFileMountedCallback: PakFile 'C:/Program Files/Epic Games/UE_4.27/FeaturePacks/TP_TopDown.upack' (chunk index -1, root 'root:/') mounted
[2022.05.26-18.33.43:829][  0]LogShaderLibrary: Display: ShaderCodeLibraryPakFileMountedCallback: pending pak file info (ChunkID:-1 Root:root:/ File:C:/Program Files/Epic Games/UE_4.27/FeaturePacks/TP_TopDown.upack)
[2022.05.26-18.33.43:829][  0]LogPakFile: OnPakFileMounted2Time == 0.000049
[2022.05.26-18.33.43:832][  0]LogPakFile: PakFile PrimaryIndexSize=185
[2022.05.26-18.33.43:832][  0]LogPakFile: PakFile PathHashIndexSize=101
[2022.05.26-18.33.43:832][  0]LogPakFile: PakFile FullDirectoryIndexSize=144
[2022.05.26-18.33.43:832][  0]LogShaderLibrary: Display: ShaderCodeLibraryPakFileMountedCallback: PakFile 'C:/Program Files/Epic Games/UE_4.27/FeaturePacks/TP_TopDownBP.upack' (chunk index -1, root 'root:/') mounted
[2022.05.26-18.33.43:832][  0]LogShaderLibrary: Display: ShaderCodeLibraryPakFileMountedCallback: pending pak file info (ChunkID:-1 Root:root:/ File:C:/Program Files/Epic Games/UE_4.27/FeaturePacks/TP_TopDownBP.upack)
[2022.05.26-18.33.43:832][  0]LogPakFile: OnPakFileMounted2Time == 0.000040
[2022.05.26-18.33.43:835][  0]LogPakFile: PakFile PrimaryIndexSize=185
[2022.05.26-18.33.43:835][  0]LogPakFile: PakFile PathHashIndexSize=101
[2022.05.26-18.33.43:835][  0]LogPakFile: PakFile FullDirectoryIndexSize=144
[2022.05.26-18.33.43:835][  0]LogShaderLibrary: Display: ShaderCodeLibraryPakFileMountedCallback: PakFile 'C:/Program Files/Epic Games/UE_4.27/FeaturePacks/TP_TwinStick.upack' (chunk index -1, root 'root:/') mounted
[2022.05.26-18.33.43:835][  0]LogShaderLibrary: Display: ShaderCodeLibraryPakFileMountedCallback: pending pak file info (ChunkID:-1 Root:root:/ File:C:/Program Files/Epic Games/UE_4.27/FeaturePacks/TP_TwinStick.upack)
[2022.05.26-18.33.43:835][  0]LogPakFile: OnPakFileMounted2Time == 0.000041
[2022.05.26-18.33.43:839][  0]LogPakFile: PakFile PrimaryIndexSize=187
[2022.05.26-18.33.43:839][  0]LogPakFile: PakFile PathHashIndexSize=101
[2022.05.26-18.33.43:839][  0]LogPakFile: PakFile FullDirectoryIndexSize=148
[2022.05.26-18.33.43:839][  0]LogShaderLibrary: Display: ShaderCodeLibraryPakFileMountedCallback: PakFile 'C:/Program Files/Epic Games/UE_4.27/FeaturePacks/TP_TwinStickBP.upack' (chunk index -1, root 'root:/') mounted
[2022.05.26-18.33.43:839][  0]LogShaderLibrary: Display: ShaderCodeLibraryPakFileMountedCallback: pending pak file info (ChunkID:-1 Root:root:/ File:C:/Program Files/Epic Games/UE_4.27/FeaturePacks/TP_TwinStickBP.upack)
[2022.05.26-18.33.43:839][  0]LogPakFile: OnPakFileMounted2Time == 0.000042
[2022.05.26-18.33.43:843][  0]LogPakFile: PakFile PrimaryIndexSize=183
[2022.05.26-18.33.43:843][  0]LogPakFile: PakFile PathHashIndexSize=101
[2022.05.26-18.33.43:843][  0]LogPakFile: PakFile FullDirectoryIndexSize=140
[2022.05.26-18.33.43:843][  0]LogShaderLibrary: Display: ShaderCodeLibraryPakFileMountedCallback: PakFile 'C:/Program Files/Epic Games/UE_4.27/FeaturePacks/TP_Vehicle.upack' (chunk index -1, root 'root:/') mounted
[2022.05.26-18.33.43:843][  0]LogShaderLibrary: Display: ShaderCodeLibraryPakFileMountedCallback: pending pak file info (ChunkID:-1 Root:root:/ File:C:/Program Files/Epic Games/UE_4.27/FeaturePacks/TP_Vehicle.upack)
[2022.05.26-18.33.43:843][  0]LogPakFile: OnPakFileMounted2Time == 0.000044
[2022.05.26-18.33.43:846][  0]LogPakFile: PakFile PrimaryIndexSize=186
[2022.05.26-18.33.43:846][  0]LogPakFile: PakFile PathHashIndexSize=101
[2022.05.26-18.33.43:846][  0]LogPakFile: PakFile FullDirectoryIndexSize=146
[2022.05.26-18.33.43:846][  0]LogShaderLibrary: Display: ShaderCodeLibraryPakFileMountedCallback: PakFile 'C:/Program Files/Epic Games/UE_4.27/FeaturePacks/TP_VehicleAdv.upack' (chunk index -1, root 'root:/') mounted
[2022.05.26-18.33.43:846][  0]LogShaderLibrary: Display: ShaderCodeLibraryPakFileMountedCallback: pending pak file info (ChunkID:-1 Root:root:/ File:C:/Program Files/Epic Games/UE_4.27/FeaturePacks/TP_VehicleAdv.upack)
[2022.05.26-18.33.43:846][  0]LogPakFile: OnPakFileMounted2Time == 0.000041
[2022.05.26-18.33.43:850][  0]LogPakFile: PakFile PrimaryIndexSize=188
[2022.05.26-18.33.43:850][  0]LogPakFile: PakFile PathHashIndexSize=101
[2022.05.26-18.33.43:850][  0]LogPakFile: PakFile FullDirectoryIndexSize=150
[2022.05.26-18.33.43:851][  0]LogShaderLibrary: Display: ShaderCodeLibraryPakFileMountedCallback: PakFile 'C:/Program Files/Epic Games/UE_4.27/FeaturePacks/TP_VehicleAdvBP.upack' (chunk index -1, root 'root:/') mounted
[2022.05.26-18.33.43:851][  0]LogShaderLibrary: Display: ShaderCodeLibraryPakFileMountedCallback: pending pak file info (ChunkID:-1 Root:root:/ File:C:/Program Files/Epic Games/UE_4.27/FeaturePacks/TP_VehicleAdvBP.upack)
[2022.05.26-18.33.43:851][  0]LogPakFile: OnPakFileMounted2Time == 0.000045
[2022.05.26-18.33.43:854][  0]LogPakFile: PakFile PrimaryIndexSize=185
[2022.05.26-18.33.43:854][  0]LogPakFile: PakFile PathHashIndexSize=101
[2022.05.26-18.33.43:854][  0]LogPakFile: PakFile FullDirectoryIndexSize=144
[2022.05.26-18.33.43:854][  0]LogShaderLibrary: Display: ShaderCodeLibraryPakFileMountedCallback: PakFile 'C:/Program Files/Epic Games/UE_4.27/FeaturePacks/TP_VehicleBP.upack' (chunk index -1, root 'root:/') mounted
[2022.05.26-18.33.43:854][  0]LogShaderLibrary: Display: ShaderCodeLibraryPakFileMountedCallback: pending pak file info (ChunkID:-1 Root:root:/ File:C:/Program Files/Epic Games/UE_4.27/FeaturePacks/TP_VehicleBP.upack)
[2022.05.26-18.33.43:854][  0]LogPakFile: OnPakFileMounted2Time == 0.000041
[2022.05.26-18.33.43:858][  0]LogPakFile: PakFile PrimaryIndexSize=192
[2022.05.26-18.33.43:858][  0]LogPakFile: PakFile PathHashIndexSize=101
[2022.05.26-18.33.43:858][  0]LogPakFile: PakFile FullDirectoryIndexSize=158
[2022.05.26-18.33.43:858][  0]LogShaderLibrary: Display: ShaderCodeLibraryPakFileMountedCallback: PakFile 'C:/Program Files/Epic Games/UE_4.27/FeaturePacks/TP_VirtualRealityBP.upack' (chunk index -1, root 'root:/') mounted
[2022.05.26-18.33.43:858][  0]LogShaderLibrary: Display: ShaderCodeLibraryPakFileMountedCallback: pending pak file info (ChunkID:-1 Root:root:/ File:C:/Program Files/Epic Games/UE_4.27/FeaturePacks/TP_VirtualRealityBP.upack)
[2022.05.26-18.33.43:858][  0]LogPakFile: OnPakFileMounted2Time == 0.000041
[2022.05.26-18.33.44:286][  0]LogNativeClassHierarchy: Verbose: Native class hierarchy updated for 'AddContentDialog' in 0.0003 seconds. Added 0 classes and 0 folders.
[2022.05.26-18.33.44:292][  0]LogNativeClassHierarchy: Verbose: Native class hierarchy updated for 'SceneOutliner' in 0.0002 seconds. Added 2 classes and 0 folders.
[2022.05.26-18.33.44:399][  0]LogSlate: Took 0.003931 seconds to synchronously load lazily loaded font '../../../Engine/Content/Slate/Fonts/Roboto-Regular.ttf' (155K)
[2022.05.26-18.33.44:405][  0]LogSlate: Took 0.002347 seconds to synchronously load lazily loaded font '../../../Engine/Content/Editor/Slate/Fonts/FontAwesome.ttf' (139K)
[2022.05.26-18.33.44:411][  0]LogSlate: Took 0.003527 seconds to synchronously load lazily loaded font '../../../Engine/Content/Slate/Fonts/Roboto-Bold.ttf' (160K)
[2022.05.26-18.33.44:560][  0]LogRenderer: Reallocating scene render targets to support 692x452 Format 10 NumSamples 1 (Frame:1).
[2022.05.26-18.33.44:732][  0]LogNativeClassHierarchy: Verbose: Native class hierarchy updated for 'HierarchicalLODOutliner' in 0.0003 seconds. Added 0 classes and 0 folders.
[2022.05.26-18.33.44:732][  0]LogLoad: (Engine Initialization) Total time: 26.64 seconds
[2022.05.26-18.33.44:732][  0]LogLoad: (Engine Initialization) Total Blueprint compile time: 0.00 seconds
[2022.05.26-18.33.44:921][  0]LogAssetRegistry: Asset discovery search completed in 13.6644 seconds
[2022.05.26-18.33.44:943][  0]LogCollectionManager: Fixed up redirectors for 0 collections in 0.000011 seconds (updated 0 objects)
[2022.05.26-18.33.44:957][  0]LogContentStreaming: Texture pool size now 1000 MB
[2022.05.26-18.33.45:033][  2]LogSlate: Took 0.003992 seconds to synchronously load lazily loaded font '../../../Engine/Content/Slate/Fonts/Roboto-Light.ttf' (167K)
